
<!DOCTYPE html>
<html>


<head>
	<meta charset='UTF-8' /> 
	<meta name='description' content='' />
	<meta name='robots' content='noodp, noydir' />
	<meta name='viewport' content='width=device-width, initial-scale=1' />
	<meta id="timeStampFormat" name="timeStampFormat" content='MMM d, yyyy hh:mm:ss a'/>
	
	<link href='https://fonts.googleapis.com/css?family=Source+Sans+Pro:400,600' rel='stylesheet' type='text/css'>
	<link href="https://fonts.googleapis.com/icon?family=Material+Icons" rel="stylesheet">

		<link href='https://cdn.rawgit.com/anshooarora/extentreports-java/b4a58fcfd1e137bd9287244035a7c80d3d73b3af/dist/css/extent.css' type='text/css' rel='stylesheet' />
	
	<title>Automation Practice - Cucumber Framework</title>

	<style type='text/css'>
			
            

      
        
	</style>
</head>

	<body class='extent dark default hide-overflow bdd-report'>
		<div id='theme-selector' alt='Click to toggle theme. To enable by default, use theme configuration.' title='Click to toggle theme. To enable by default, use theme configuration.'>
			<span><i class='material-icons'>desktop_windows</i></span>
		</div>

<nav>
	<div class="nav-wrapper">
		<a href="#!" class="brand-logo blue darken-3">Extent</a>

		<!-- slideout menu -->
		<ul id='slide-out' class='side-nav fixed hide-on-med-and-down'>
			<li class='waves-effect active'><a href='#!' view='test-view' onclick="configureView(0);chartsView('test');"><i class='material-icons'>dashboard</i></a></li>
						<li class='waves-effect'><a href='#!' view='category-view' onclick="configureView(1)"><i class='material-icons'>label_outline</i></a></li>
			<li class='waves-effect'><a href='#!' view='exception-view' onclick="configureView(2)"><i class='material-icons'>bug_report</i></a></li>
			<li class='waves-effect'><a href='#!' onclick="configureView(-1);chartsView('dashboard');" view='dashboard-view'><i class='material-icons'>track_changes</i></i></a></li>
		</ul>

		<!-- report name -->
		<span class='report-name'>Cucumber Report</span>
		
		<!-- report headline -->
		<span class='report-headline'></span>

		<!-- nav-right -->
		<ul id='nav-mobile' class='right hide-on-med-and-down nav-right'>
			<li>
                <a href='#!'>
                    <span class='label suite-start-time blue darken-3'>May 20, 2022 12:43:56 AM</span>
				</a>
			</li>
			<li>
                <a href='#!'>
                    <span class='label blue darken-3'>3.1.2</span>
				</a>
			</li>
		</ul>
	</div>
</nav>

		<!-- container -->
		<div class='container'>

<div id='test-view' class='view'>
				
	<section id='controls'>
		<div class='controls grey lighten-4'>
			<!-- test toggle -->
			<div class='chip transparent'>
				<a class='dropdown-button tests-toggle' data-activates='tests-toggle' data-constrainwidth='true' data-beloworigin='true' data-hover='true' href='#'>
					<i class='material-icons'>warning</i> Status
				</a>
				<ul id='tests-toggle' class='dropdown-content'>
											<li status='pass'><a href='#!'>Pass <i class='material-icons green-text'>check_circle</i></a></li>
						<li status='fail'><a href='#!'>Fail <i class='material-icons red-text'>cancel</i></a></li>
						<li status='skip'><a href='#!'>Skip <i class='material-icons cyan-text'>redo</i></a></li>
					<li class='divider'></li>
					<li status='clear' clear='true'><a href='#!'>Clear Filters <i class='material-icons'>clear</i></a></li>
				</ul>
			</div>
			<!-- test toggle -->

			<!-- category toggle -->
			<div class='chip transparent'>
				<a class='dropdown-button category-toggle' data-activates='category-toggle' data-constrainwidth='false' data-beloworigin='true' data-hover='true' href='#'>
					<i class='material-icons'>local_offer</i> Category
				</a>
				<ul id='category-toggle' class='dropdown-content'>
					<li><a href='#'>@smoke</a></li>
					<li><a href='#'>@regression</a></li>
					<li><a href='#'>@sanity</a></li>
					<li class='divider'></li>
					<li class='clear'><a href='#!' clear='true'>Clear Filters</a></li>
				</ul>
			</div>
			<!-- category toggle -->

			<!-- clear filters -->
			<div class='chip transparent hide'>
				<a class='' id='clear-filters' alt='Clear Filters' title='Clear Filters'>
					<i class='material-icons'>close</i> Clear
				</a>
			</div>
			<!-- clear filters -->

			<!-- enable dashboard -->
			<div id='toggle-test-view-charts' class='chip transparent'>
				<a class='pink-text' id='enable-dashboard' alt='Enable Dashboard' title='Enable Dashboard'>
					<i class='material-icons'>track_changes</i> Dashboard
				</a>
			</div>
			<!-- enable dashboard -->

			<!-- search -->
			<div class='chip transparent' alt='Search Tests' title='Search Tests'>
				<a href="#" class='search-div'>
					<i class='material-icons'>search</i> Search
				</a>

				<div class='input-field left hide'>
					<input id='search-tests' type='text' class='validate browser-default' placeholder='Search Tests...'>
				</div>
				
			</div>
			<!-- search -->
		</div>
	</section>


<div id='test-view-charts' class='subview-full'>
	<div id='charts-row' class='row nm-v nm-h'>
		<div class='col s12 m4 l4 np-h'>
			<div class='card-panel nm-v'>
				<div class='left panel-name'>Features</div>
				<div class='chart-box'>
					<canvas id='parent-analysis' width='100' height='80'></canvas>
				</div>
				<div class='block text-small'>
					<span class='tooltipped' data-position='top' data-tooltip='0%'><span class='strong'>0</span> feature(s) passed</span>
				</div>
				<div class='block text-small'>
					<span class='strong tooltipped' data-position='top' data-tooltip='100%'>1</span> feature(s) failed, <span class='strong tooltipped' data-position='top' data-tooltip='0%'>0</span> others
				</div>
			</div>
		</div>
		
		<div class='col s12 m4 l4 np-h'>
			<div class='card-panel nm-v'>
				<div class='left panel-name'>Scenarios</div>
				<div class='chart-box'>
					<canvas id='child-analysis' width='100' height='80'></canvas>
				</div>
				<div class='block text-small'>
					<span class='tooltipped' data-position='top' data-tooltip='0%'><span class='strong'>0</span> scenario(s) passed</span>
				</div>
				<div class='block text-small'>
					<span class='strong tooltipped' data-position='top' data-tooltip='83.333%'>10</span> scenario(s) failed, <span class='strong tooltipped' data-position='top' data-tooltip='16.667%'>2</span> others
				</div>
			</div>
		</div>
		
		<div class='col s12 m4 l4 np-h'>
			<div class='card-panel nm-v'>
				<div class='left panel-name'>Steps</div>
				<div class='chart-box'>
					<canvas id='grandchild-analysis' width='100' height='80'></canvas>
				</div>
				<div class='block text-small'>
					<span class='tooltipped' data-position='top' data-tooltip='24.242%'><span class='strong'>32</span> step(s) passed</span>
				</div>
				<div class='block text-small'>
					<span class='strong tooltipped' data-position='top' data-tooltip='7.576%'>10</span> step(s) failed, <span class='strong tooltipped' data-position='top' data-tooltip='68.182%'>90</span> others
				</div>
			</div>
		</div>
	</div>
</div>

	<div class='subview-left left'>
		
		<div class='view-summary'>
			<h5>Features</h5>
			<ul id='test-collection' class='test-collection'>
				
				
				<li class='test displayed active has-leaf fail' status='fail' bdd='true' test-id='1'>
					<div class='test-heading'>
						<span class='test-name'>Search functionality</span>
						<span class='test-time'>May 20, 2022 12:43:56 AM</span>
						<span class='test-status right fail'>fail</span>
					</div>
					<div class='test-content hide'>
<div class='scenariooutline node' test-id='2' status='fail'>
	<span class='duration right label'>0h 0m 29s+729ms</span>
	<div class='desc'>
		<b>ScenarioOutline</b>
		<span class="desc-text">Search the buy car with model</span>
	</div>
	<ul class='steps'>
		<li test-id='3' class='node scenario fail' status='fail'>
			<div class='category-list'>
				<span class='category label white-text'>@smoke</span>
				<span class='category label white-text'>@regression</span>
				<span class='category label white-text'>@sanity</span>
			</div>
			
			<b>Scenario</b>
			
			<span class="bdd-step-name">Search the buy car with model</span>
			
				<ul class='steps'>
					<li test-id='4' class='node given pass' status='pass'><b>Given</b>
						<span class="bdd-step-name">Given I click on Url https://www.carsguide.com.au/</span>
							<div class='pre'>passed</div>
					</li>
					<li test-id='5' class='node then pass' status='pass'><b>Then</b>
						<span class="bdd-step-name">Then I successfully on homepage of carsguide website</span>
							<div class='pre'>passed</div>
					</li>
					<li test-id='6' class='node when fail' status='fail'><b>When</b>
						<span class="bdd-step-name">When I mouse hover on buy+sell tab</span>
							<div class='pre'><pre>org.openqa.selenium.WebDriverException: unknown error: session deleted because of page crash
from unknown error: cannot determine loading status
from tab crashed
  (Session info: chrome=101.0.4951.67)
Build info: version: '4.0.0', revision: '3a21814679'
System info: host: 'LAPTOP-N67ITPLC', ip: '192.168.1.67', os.name: 'Windows 10', os.arch: 'amd64', os.version: '10.0', java.version: '1.8.0_121'
Driver info: org.openqa.selenium.chrome.ChromeDriver
Command: [6a996121c2da67e21d074e78a64a14d2, findElement {using=xpath, value=//a[contains(text(),'buy + sell')]}]
Capabilities {acceptInsecureCerts: false, browserName: chrome, browserVersion: 101.0.4951.67, chrome: {chromedriverVersion: 101.0.4951.41 (93c720db8323..., userDataDir: C:\Users\megha\AppData\Loca...}, goog:chromeOptions: {debuggerAddress: localhost:62108}, javascriptEnabled: true, networkConnectionEnabled: false, pageLoadStrategy: normal, platform: WINDOWS, platformName: WINDOWS, proxy: Proxy(), se:cdp: ws://localhost:62108/devtoo..., se:cdpVersion: 101.0.4951.67, setWindowRect: true, strictFileInteractability: false, timeouts: {implicit: 0, pageLoad: 300000, script: 30000}, unhandledPromptBehavior: dismiss and notify, webauthn:extension:credBlob: true, webauthn:extension:largeBlob: true, webauthn:virtualAuthenticators: true}
Session ID: 6a996121c2da67e21d074e78a64a14d2
	at sun.reflect.NativeConstructorAccessorImpl.newInstance0(Native Method)
	at sun.reflect.NativeConstructorAccessorImpl.newInstance(NativeConstructorAccessorImpl.java:62)
	at sun.reflect.DelegatingConstructorAccessorImpl.newInstance(DelegatingConstructorAccessorImpl.java:45)
	at java.lang.reflect.Constructor.newInstance(Constructor.java:423)
	at org.openqa.selenium.remote.codec.w3c.W3CHttpResponseCodec.createException(W3CHttpResponseCodec.java:200)
	at org.openqa.selenium.remote.codec.w3c.W3CHttpResponseCodec.decode(W3CHttpResponseCodec.java:133)
	at org.openqa.selenium.remote.codec.w3c.W3CHttpResponseCodec.decode(W3CHttpResponseCodec.java:53)
	at org.openqa.selenium.remote.HttpCommandExecutor.execute(HttpCommandExecutor.java:184)
	at org.openqa.selenium.remote.service.DriverCommandExecutor.invokeExecute(DriverCommandExecutor.java:164)
	at org.openqa.selenium.remote.service.DriverCommandExecutor.execute(DriverCommandExecutor.java:139)
	at org.openqa.selenium.remote.RemoteWebDriver.execute(RemoteWebDriver.java:559)
	at org.openqa.selenium.remote.ElementLocation$ElementFinder$2.findElement(ElementLocation.java:162)
	at org.openqa.selenium.remote.ElementLocation.findElement(ElementLocation.java:60)
	at org.openqa.selenium.remote.RemoteWebDriver.findElement(RemoteWebDriver.java:383)
	at org.openqa.selenium.remote.RemoteWebDriver.findElement(RemoteWebDriver.java:375)
	at org.openqa.selenium.support.pagefactory.DefaultElementLocator.findElement(DefaultElementLocator.java:70)
	at org.openqa.selenium.support.pagefactory.internal.LocatingElementHandler.invoke(LocatingElementHandler.java:39)
	at com.sun.proxy.$Proxy23.toString(Unknown Source)
	at au.com.carsguide.websitepages.HomePage.mouseHoverOnBuySellTab(HomePage.java:34)
	at au.com.cucumber.steps.SearchCarFunctionalitySteps.iMouseHoverOnBuySellTab(SearchCarFunctionalitySteps.java:24)
	at ✽.When I mouse hover on buy+sell tab(buy.feature:10)
</pre></div>
					</li>
					<li test-id='7' class='node and skip' status='skip'><b>And</b>
						<span class="bdd-step-name">And I click ‘Search Cars’ link</span>
							<div class='pre'>skipped</div>
					</li>
					<li test-id='8' class='node then skip' status='skip'><b>Then</b>
						<span class="bdd-step-name">Then I navigate to ‘new and used car search’ page</span>
							<div class='pre'>skipped</div>
					</li>
					<li test-id='9' class='node and skip' status='skip'><b>And</b>
						<span class="bdd-step-name">And I select make "Holden"</span>
							<div class='pre'>skipped</div>
					</li>
					<li test-id='10' class='node and skip' status='skip'><b>And</b>
						<span class="bdd-step-name">And I select model "Belmont"</span>
							<div class='pre'>skipped</div>
					</li>
					<li test-id='11' class='node and skip' status='skip'><b>And</b>
						<span class="bdd-step-name">And I select location "NSW - Central West"</span>
							<div class='pre'>skipped</div>
					</li>
					<li test-id='12' class='node and skip' status='skip'><b>And</b>
						<span class="bdd-step-name">And I select price "$70,000"</span>
							<div class='pre'>skipped</div>
					</li>
					<li test-id='13' class='node and skip' status='skip'><b>And</b>
						<span class="bdd-step-name">And I click on Find My Next Car tab</span>
							<div class='pre'>skipped</div>
					</li>
					<li test-id='14' class='node then skip' status='skip'><b>Then</b>
						<span class="bdd-step-name">Then I should see the make "Holden" in results</span>
							<div class='pre'>skipped</div>
					</li>
				</ul>
		</li>
		<li test-id='15' class='node scenario fail' status='fail'>
			<div class='category-list'>
				<span class='category label white-text'>@smoke</span>
				<span class='category label white-text'>@regression</span>
				<span class='category label white-text'>@sanity</span>
			</div>
			
			<b>Scenario</b>
			
			<span class="bdd-step-name">Search the buy car with model</span>
			
				<ul class='steps'>
					<li test-id='16' class='node given pass' status='pass'><b>Given</b>
						<span class="bdd-step-name">Given I click on Url https://www.carsguide.com.au/</span>
							<div class='pre'>passed</div>
					</li>
					<li test-id='17' class='node then pass' status='pass'><b>Then</b>
						<span class="bdd-step-name">Then I successfully on homepage of carsguide website</span>
							<div class='pre'>passed</div>
					</li>
					<li test-id='18' class='node when fail' status='fail'><b>When</b>
						<span class="bdd-step-name">When I mouse hover on buy+sell tab</span>
							<div class='pre'><pre>org.openqa.selenium.WebDriverException: unknown error: session deleted because of page crash
from unknown error: cannot determine loading status
from tab crashed
  (Session info: chrome=101.0.4951.67)
Build info: version: '4.0.0', revision: '3a21814679'
System info: host: 'LAPTOP-N67ITPLC', ip: '192.168.1.67', os.name: 'Windows 10', os.arch: 'amd64', os.version: '10.0', java.version: '1.8.0_121'
Driver info: org.openqa.selenium.chrome.ChromeDriver
Command: [0280131cc7242e4cf72a22e0422eadc0, findElement {using=xpath, value=//a[contains(text(),'buy + sell')]}]
Capabilities {acceptInsecureCerts: false, browserName: chrome, browserVersion: 101.0.4951.67, chrome: {chromedriverVersion: 101.0.4951.41 (93c720db8323..., userDataDir: C:\Users\megha\AppData\Loca...}, goog:chromeOptions: {debuggerAddress: localhost:62175}, javascriptEnabled: true, networkConnectionEnabled: false, pageLoadStrategy: normal, platform: WINDOWS, platformName: WINDOWS, proxy: Proxy(), se:cdp: ws://localhost:62175/devtoo..., se:cdpVersion: 101.0.4951.67, setWindowRect: true, strictFileInteractability: false, timeouts: {implicit: 0, pageLoad: 300000, script: 30000}, unhandledPromptBehavior: dismiss and notify, webauthn:extension:credBlob: true, webauthn:extension:largeBlob: true, webauthn:virtualAuthenticators: true}
Session ID: 0280131cc7242e4cf72a22e0422eadc0
	at sun.reflect.NativeConstructorAccessorImpl.newInstance0(Native Method)
	at sun.reflect.NativeConstructorAccessorImpl.newInstance(NativeConstructorAccessorImpl.java:62)
	at sun.reflect.DelegatingConstructorAccessorImpl.newInstance(DelegatingConstructorAccessorImpl.java:45)
	at java.lang.reflect.Constructor.newInstance(Constructor.java:423)
	at org.openqa.selenium.remote.codec.w3c.W3CHttpResponseCodec.createException(W3CHttpResponseCodec.java:200)
	at org.openqa.selenium.remote.codec.w3c.W3CHttpResponseCodec.decode(W3CHttpResponseCodec.java:133)
	at org.openqa.selenium.remote.codec.w3c.W3CHttpResponseCodec.decode(W3CHttpResponseCodec.java:53)
	at org.openqa.selenium.remote.HttpCommandExecutor.execute(HttpCommandExecutor.java:184)
	at org.openqa.selenium.remote.service.DriverCommandExecutor.invokeExecute(DriverCommandExecutor.java:164)
	at org.openqa.selenium.remote.service.DriverCommandExecutor.execute(DriverCommandExecutor.java:139)
	at org.openqa.selenium.remote.RemoteWebDriver.execute(RemoteWebDriver.java:559)
	at org.openqa.selenium.remote.ElementLocation$ElementFinder$2.findElement(ElementLocation.java:162)
	at org.openqa.selenium.remote.ElementLocation.findElement(ElementLocation.java:60)
	at org.openqa.selenium.remote.RemoteWebDriver.findElement(RemoteWebDriver.java:383)
	at org.openqa.selenium.remote.RemoteWebDriver.findElement(RemoteWebDriver.java:375)
	at org.openqa.selenium.support.pagefactory.DefaultElementLocator.findElement(DefaultElementLocator.java:70)
	at org.openqa.selenium.support.pagefactory.internal.LocatingElementHandler.invoke(LocatingElementHandler.java:39)
	at com.sun.proxy.$Proxy23.toString(Unknown Source)
	at au.com.carsguide.websitepages.HomePage.mouseHoverOnBuySellTab(HomePage.java:34)
	at au.com.cucumber.steps.SearchCarFunctionalitySteps.iMouseHoverOnBuySellTab(SearchCarFunctionalitySteps.java:24)
	at ✽.When I mouse hover on buy+sell tab(buy.feature:10)
</pre></div>
					</li>
					<li test-id='19' class='node and skip' status='skip'><b>And</b>
						<span class="bdd-step-name">And I click ‘Search Cars’ link</span>
							<div class='pre'>skipped</div>
					</li>
					<li test-id='20' class='node then skip' status='skip'><b>Then</b>
						<span class="bdd-step-name">Then I navigate to ‘new and used car search’ page</span>
							<div class='pre'>skipped</div>
					</li>
					<li test-id='21' class='node and skip' status='skip'><b>And</b>
						<span class="bdd-step-name">And I select make "Mazda"</span>
							<div class='pre'>skipped</div>
					</li>
					<li test-id='22' class='node and skip' status='skip'><b>And</b>
						<span class="bdd-step-name">And I select model "B4000"</span>
							<div class='pre'>skipped</div>
					</li>
					<li test-id='23' class='node and skip' status='skip'><b>And</b>
						<span class="bdd-step-name">And I select location "NSW - Far West"</span>
							<div class='pre'>skipped</div>
					</li>
					<li test-id='24' class='node and skip' status='skip'><b>And</b>
						<span class="bdd-step-name">And I select price "$90,000"</span>
							<div class='pre'>skipped</div>
					</li>
					<li test-id='25' class='node and skip' status='skip'><b>And</b>
						<span class="bdd-step-name">And I click on Find My Next Car tab</span>
							<div class='pre'>skipped</div>
					</li>
					<li test-id='26' class='node then skip' status='skip'><b>Then</b>
						<span class="bdd-step-name">Then I should see the make "Mazda" in results</span>
							<div class='pre'>skipped</div>
					</li>
				</ul>
		</li>
		<li test-id='27' class='node scenario skip' status='skip'>
			<div class='category-list'>
				<span class='category label white-text'>@smoke</span>
				<span class='category label white-text'>@regression</span>
				<span class='category label white-text'>@sanity</span>
			</div>
			
			<b>Scenario</b>
			
			<span class="bdd-step-name">Search the buy car with model</span>
			
				<ul class='steps'>
					<li test-id='28' class='node given skip' status='skip'><b>Given</b>
						<span class="bdd-step-name">Given I click on Url https://www.carsguide.com.au/</span>
							<div class='pre'>skipped</div>
					</li>
					<li test-id='29' class='node then skip' status='skip'><b>Then</b>
						<span class="bdd-step-name">Then I successfully on homepage of carsguide website</span>
							<div class='pre'>skipped</div>
					</li>
					<li test-id='30' class='node when skip' status='skip'><b>When</b>
						<span class="bdd-step-name">When I mouse hover on buy+sell tab</span>
							<div class='pre'>skipped</div>
					</li>
					<li test-id='31' class='node and skip' status='skip'><b>And</b>
						<span class="bdd-step-name">And I click ‘Search Cars’ link</span>
							<div class='pre'>skipped</div>
					</li>
					<li test-id='32' class='node then skip' status='skip'><b>Then</b>
						<span class="bdd-step-name">Then I navigate to ‘new and used car search’ page</span>
							<div class='pre'>skipped</div>
					</li>
					<li test-id='33' class='node and skip' status='skip'><b>And</b>
						<span class="bdd-step-name">And I select make "Suzuki"</span>
							<div class='pre'>skipped</div>
					</li>
					<li test-id='34' class='node and skip' status='skip'><b>And</b>
						<span class="bdd-step-name">And I select model "Jimny"</span>
							<div class='pre'>skipped</div>
					</li>
					<li test-id='35' class='node and skip' status='skip'><b>And</b>
						<span class="bdd-step-name">And I select location "NSW - Riverina"</span>
							<div class='pre'>skipped</div>
					</li>
					<li test-id='36' class='node and skip' status='skip'><b>And</b>
						<span class="bdd-step-name">And I select price "$30,000"</span>
							<div class='pre'>skipped</div>
					</li>
					<li test-id='37' class='node and skip' status='skip'><b>And</b>
						<span class="bdd-step-name">And I click on Find My Next Car tab</span>
							<div class='pre'>skipped</div>
					</li>
					<li test-id='38' class='node then skip' status='skip'><b>Then</b>
						<span class="bdd-step-name">Then I should see the make "Suzuki" in results</span>
							<div class='pre'>skipped</div>
					</li>
				</ul>
		</li>
		<li test-id='39' class='node scenario fail' status='fail'>
			<div class='category-list'>
				<span class='category label white-text'>@smoke</span>
				<span class='category label white-text'>@regression</span>
				<span class='category label white-text'>@sanity</span>
			</div>
			
			<b>Scenario</b>
			
			<span class="bdd-step-name">Search the buy car with model</span>
			
				<ul class='steps'>
					<li test-id='40' class='node given pass' status='pass'><b>Given</b>
						<span class="bdd-step-name">Given I click on Url https://www.carsguide.com.au/</span>
							<div class='pre'>passed</div>
					</li>
					<li test-id='41' class='node then pass' status='pass'><b>Then</b>
						<span class="bdd-step-name">Then I successfully on homepage of carsguide website</span>
							<div class='pre'>passed</div>
					</li>
					<li test-id='42' class='node when fail' status='fail'><b>When</b>
						<span class="bdd-step-name">When I mouse hover on buy+sell tab</span>
							<div class='pre'><pre>org.openqa.selenium.WebDriverException: unknown error: session deleted because of page crash
from unknown error: cannot determine loading status
from tab crashed
  (Session info: chrome=101.0.4951.67)
Build info: version: '4.0.0', revision: '3a21814679'
System info: host: 'LAPTOP-N67ITPLC', ip: '192.168.1.67', os.name: 'Windows 10', os.arch: 'amd64', os.version: '10.0', java.version: '1.8.0_121'
Driver info: org.openqa.selenium.chrome.ChromeDriver
Command: [f253d089ff71506b5e4e4361640462c1, findElement {using=xpath, value=//a[contains(text(),'buy + sell')]}]
Capabilities {acceptInsecureCerts: false, browserName: chrome, browserVersion: 101.0.4951.67, chrome: {chromedriverVersion: 101.0.4951.41 (93c720db8323..., userDataDir: C:\Users\megha\AppData\Loca...}, goog:chromeOptions: {debuggerAddress: localhost:62301}, javascriptEnabled: true, networkConnectionEnabled: false, pageLoadStrategy: normal, platform: WINDOWS, platformName: WINDOWS, proxy: Proxy(), se:cdp: ws://localhost:62301/devtoo..., se:cdpVersion: 101.0.4951.67, setWindowRect: true, strictFileInteractability: false, timeouts: {implicit: 0, pageLoad: 300000, script: 30000}, unhandledPromptBehavior: dismiss and notify, webauthn:extension:credBlob: true, webauthn:extension:largeBlob: true, webauthn:virtualAuthenticators: true}
Session ID: f253d089ff71506b5e4e4361640462c1
	at sun.reflect.NativeConstructorAccessorImpl.newInstance0(Native Method)
	at sun.reflect.NativeConstructorAccessorImpl.newInstance(NativeConstructorAccessorImpl.java:62)
	at sun.reflect.DelegatingConstructorAccessorImpl.newInstance(DelegatingConstructorAccessorImpl.java:45)
	at java.lang.reflect.Constructor.newInstance(Constructor.java:423)
	at org.openqa.selenium.remote.codec.w3c.W3CHttpResponseCodec.createException(W3CHttpResponseCodec.java:200)
	at org.openqa.selenium.remote.codec.w3c.W3CHttpResponseCodec.decode(W3CHttpResponseCodec.java:133)
	at org.openqa.selenium.remote.codec.w3c.W3CHttpResponseCodec.decode(W3CHttpResponseCodec.java:53)
	at org.openqa.selenium.remote.HttpCommandExecutor.execute(HttpCommandExecutor.java:184)
	at org.openqa.selenium.remote.service.DriverCommandExecutor.invokeExecute(DriverCommandExecutor.java:164)
	at org.openqa.selenium.remote.service.DriverCommandExecutor.execute(DriverCommandExecutor.java:139)
	at org.openqa.selenium.remote.RemoteWebDriver.execute(RemoteWebDriver.java:559)
	at org.openqa.selenium.remote.ElementLocation$ElementFinder$2.findElement(ElementLocation.java:162)
	at org.openqa.selenium.remote.ElementLocation.findElement(ElementLocation.java:60)
	at org.openqa.selenium.remote.RemoteWebDriver.findElement(RemoteWebDriver.java:383)
	at org.openqa.selenium.remote.RemoteWebDriver.findElement(RemoteWebDriver.java:375)
	at org.openqa.selenium.support.pagefactory.DefaultElementLocator.findElement(DefaultElementLocator.java:70)
	at org.openqa.selenium.support.pagefactory.internal.LocatingElementHandler.invoke(LocatingElementHandler.java:39)
	at com.sun.proxy.$Proxy23.toString(Unknown Source)
	at au.com.carsguide.websitepages.HomePage.mouseHoverOnBuySellTab(HomePage.java:34)
	at au.com.cucumber.steps.SearchCarFunctionalitySteps.iMouseHoverOnBuySellTab(SearchCarFunctionalitySteps.java:24)
	at ✽.When I mouse hover on buy+sell tab(buy.feature:10)
</pre></div>
					</li>
					<li test-id='43' class='node and skip' status='skip'><b>And</b>
						<span class="bdd-step-name">And I click ‘Search Cars’ link</span>
							<div class='pre'>skipped</div>
					</li>
					<li test-id='44' class='node then skip' status='skip'><b>Then</b>
						<span class="bdd-step-name">Then I navigate to ‘new and used car search’ page</span>
							<div class='pre'>skipped</div>
					</li>
					<li test-id='45' class='node and skip' status='skip'><b>And</b>
						<span class="bdd-step-name">And I select make "Toyota"</span>
							<div class='pre'>skipped</div>
					</li>
					<li test-id='46' class='node and skip' status='skip'><b>And</b>
						<span class="bdd-step-name">And I select model "Altezza"</span>
							<div class='pre'>skipped</div>
					</li>
					<li test-id='47' class='node and skip' status='skip'><b>And</b>
						<span class="bdd-step-name">And I select location "NSW - South Coast"</span>
							<div class='pre'>skipped</div>
					</li>
					<li test-id='48' class='node and skip' status='skip'><b>And</b>
						<span class="bdd-step-name">And I select price "$60,000"</span>
							<div class='pre'>skipped</div>
					</li>
					<li test-id='49' class='node and skip' status='skip'><b>And</b>
						<span class="bdd-step-name">And I click on Find My Next Car tab</span>
							<div class='pre'>skipped</div>
					</li>
					<li test-id='50' class='node then skip' status='skip'><b>Then</b>
						<span class="bdd-step-name">Then I should see the make "Toyota" in results</span>
							<div class='pre'>skipped</div>
					</li>
				</ul>
		</li>
		<li test-id='51' class='node scenario fail' status='fail'>
			<div class='category-list'>
				<span class='category label white-text'>@smoke</span>
				<span class='category label white-text'>@regression</span>
				<span class='category label white-text'>@sanity</span>
			</div>
			
			<b>Scenario</b>
			
			<span class="bdd-step-name">Search the buy car with model</span>
			
				<ul class='steps'>
					<li test-id='52' class='node given pass' status='pass'><b>Given</b>
						<span class="bdd-step-name">Given I click on Url https://www.carsguide.com.au/</span>
							<div class='pre'>passed</div>
					</li>
					<li test-id='53' class='node then pass' status='pass'><b>Then</b>
						<span class="bdd-step-name">Then I successfully on homepage of carsguide website</span>
							<div class='pre'>passed</div>
					</li>
					<li test-id='54' class='node when pass' status='pass'><b>When</b>
						<span class="bdd-step-name">When I mouse hover on buy+sell tab</span>
							<div class='pre'>passed</div>
					</li>
					<li test-id='55' class='node and pass' status='pass'><b>And</b>
						<span class="bdd-step-name">And I click ‘Search Cars’ link</span>
							<div class='pre'>passed</div>
					</li>
					<li test-id='56' class='node then fail' status='fail'><b>Then</b>
						<span class="bdd-step-name">Then I navigate to ‘new and used car search’ page</span>
							<div class='pre'><textarea>org.junit.ComparisonFailure: search page text is not match expected:<[new and used car search]> but was:<[New & Used Car Search - carsguide]>
	at org.junit.Assert.assertEquals(Assert.java:115)
	at au.com.cucumber.steps.SearchCarFunctionalitySteps.iNavigateToNewAndUsedCarSearchPage(SearchCarFunctionalitySteps.java:34)
	at ✽.Then I navigate to ‘new and used car search’ page(buy.feature:12)
</textarea></div>
					</li>
					<li test-id='57' class='node and skip' status='skip'><b>And</b>
						<span class="bdd-step-name">And I select make "Alpine"</span>
							<div class='pre'>skipped</div>
					</li>
					<li test-id='58' class='node and skip' status='skip'><b>And</b>
						<span class="bdd-step-name">And I select model "A110"</span>
							<div class='pre'>skipped</div>
					</li>
					<li test-id='59' class='node and skip' status='skip'><b>And</b>
						<span class="bdd-step-name">And I select location "NSW - Sydney"</span>
							<div class='pre'>skipped</div>
					</li>
					<li test-id='60' class='node and skip' status='skip'><b>And</b>
						<span class="bdd-step-name">And I select price "$45,000"</span>
							<div class='pre'>skipped</div>
					</li>
					<li test-id='61' class='node and skip' status='skip'><b>And</b>
						<span class="bdd-step-name">And I click on Find My Next Car tab</span>
							<div class='pre'>skipped</div>
					</li>
					<li test-id='62' class='node then skip' status='skip'><b>Then</b>
						<span class="bdd-step-name">Then I should see the make "Alpine" in results</span>
						<ul class='screenshots right'>
							<li><a data-featherlight="image" href="C:\Users\megha\IdeaProjects\week-15-car-gurus-cucumber/src/main/java/au/com/carsguide/screenshots/Search_the_buy_car_with_model20220520124418.png"><i class='material-icons'>panorama</i></a></li>
						</ul>
							<div class='pre'>skipped</div>
					</li>
				</ul>
		</li>
		<li test-id='63' class='node scenario fail' status='fail'>
			<div class='category-list'>
				<span class='category label white-text'>@smoke</span>
				<span class='category label white-text'>@regression</span>
				<span class='category label white-text'>@sanity</span>
			</div>
			
			<b>Scenario</b>
			
			<span class="bdd-step-name">Search the buy car with model</span>
			
				<ul class='steps'>
					<li test-id='64' class='node given pass' status='pass'><b>Given</b>
						<span class="bdd-step-name">Given I click on Url https://www.carsguide.com.au/</span>
							<div class='pre'>passed</div>
					</li>
					<li test-id='65' class='node then pass' status='pass'><b>Then</b>
						<span class="bdd-step-name">Then I successfully on homepage of carsguide website</span>
							<div class='pre'>passed</div>
					</li>
					<li test-id='66' class='node when pass' status='pass'><b>When</b>
						<span class="bdd-step-name">When I mouse hover on buy+sell tab</span>
							<div class='pre'>passed</div>
					</li>
					<li test-id='67' class='node and pass' status='pass'><b>And</b>
						<span class="bdd-step-name">And I click ‘Search Cars’ link</span>
							<div class='pre'>passed</div>
					</li>
					<li test-id='68' class='node then fail' status='fail'><b>Then</b>
						<span class="bdd-step-name">Then I navigate to ‘new and used car search’ page</span>
							<div class='pre'><textarea>org.junit.ComparisonFailure: search page text is not match expected:<[new and used car search]> but was:<[New & Used Car Search - carsguide]>
	at org.junit.Assert.assertEquals(Assert.java:115)
	at au.com.cucumber.steps.SearchCarFunctionalitySteps.iNavigateToNewAndUsedCarSearchPage(SearchCarFunctionalitySteps.java:34)
	at ✽.Then I navigate to ‘new and used car search’ page(buy.feature:12)
</textarea></div>
					</li>
					<li test-id='69' class='node and skip' status='skip'><b>And</b>
						<span class="bdd-step-name">And I select make "Hyundai"</span>
							<div class='pre'>skipped</div>
					</li>
					<li test-id='70' class='node and skip' status='skip'><b>And</b>
						<span class="bdd-step-name">And I select model "I30"</span>
							<div class='pre'>skipped</div>
					</li>
					<li test-id='71' class='node and skip' status='skip'><b>And</b>
						<span class="bdd-step-name">And I select location "QLD - All"</span>
							<div class='pre'>skipped</div>
					</li>
					<li test-id='72' class='node and skip' status='skip'><b>And</b>
						<span class="bdd-step-name">And I select price "$150,000"</span>
							<div class='pre'>skipped</div>
					</li>
					<li test-id='73' class='node and skip' status='skip'><b>And</b>
						<span class="bdd-step-name">And I click on Find My Next Car tab</span>
							<div class='pre'>skipped</div>
					</li>
					<li test-id='74' class='node then skip' status='skip'><b>Then</b>
						<span class="bdd-step-name">Then I should see the make "Hyundai" in results</span>
						<ul class='screenshots right'>
							<li><a data-featherlight="image" href="C:\Users\megha\IdeaProjects\week-15-car-gurus-cucumber/src/main/java/au/com/carsguide/screenshots/Search_the_buy_car_with_model20220520124426.png"><i class='material-icons'>panorama</i></a></li>
						</ul>
							<div class='pre'>skipped</div>
					</li>
				</ul>
		</li>
	</ul>
</div>
<div class='scenariooutline node' test-id='75' status='fail'>
	<span class='duration right label'>0h 0m 28s+406ms</span>
	<div class='desc'>
		<b>ScenarioOutline</b>
		<span class="desc-text">Search the used car with model</span>
	</div>
	<ul class='steps'>
		<li test-id='76' class='node scenario fail' status='fail'>
			<div class='category-list'>
				<span class='category label white-text'>@smoke</span>
				<span class='category label white-text'>@regression</span>
			</div>
			
			<b>Scenario</b>
			
			<span class="bdd-step-name">Search the used car with model</span>
			
				<ul class='steps'>
					<li test-id='77' class='node given pass' status='pass'><b>Given</b>
						<span class="bdd-step-name">Given I click on Url https://www.carsguide.com.au/</span>
							<div class='pre'>passed</div>
					</li>
					<li test-id='78' class='node then pass' status='pass'><b>Then</b>
						<span class="bdd-step-name">Then I successfully on homepage of carsguide website</span>
							<div class='pre'>passed</div>
					</li>
					<li test-id='79' class='node when fail' status='fail'><b>When</b>
						<span class="bdd-step-name">When I mouse hover on buy+sell tab</span>
							<div class='pre'><pre>org.openqa.selenium.WebDriverException: unknown error: session deleted because of page crash
from unknown error: cannot determine loading status
from tab crashed
  (Session info: chrome=101.0.4951.67)
Build info: version: '4.0.0', revision: '3a21814679'
System info: host: 'LAPTOP-N67ITPLC', ip: '192.168.1.67', os.name: 'Windows 10', os.arch: 'amd64', os.version: '10.0', java.version: '1.8.0_121'
Driver info: org.openqa.selenium.chrome.ChromeDriver
Command: [ef93cc0535eb0c35e328133d04eb01e4, findElement {using=xpath, value=//a[contains(text(),'buy + sell')]}]
Capabilities {acceptInsecureCerts: false, browserName: chrome, browserVersion: 101.0.4951.67, chrome: {chromedriverVersion: 101.0.4951.41 (93c720db8323..., userDataDir: C:\Users\megha\AppData\Loca...}, goog:chromeOptions: {debuggerAddress: localhost:62702}, javascriptEnabled: true, networkConnectionEnabled: false, pageLoadStrategy: normal, platform: WINDOWS, platformName: WINDOWS, proxy: Proxy(), se:cdp: ws://localhost:62702/devtoo..., se:cdpVersion: 101.0.4951.67, setWindowRect: true, strictFileInteractability: false, timeouts: {implicit: 0, pageLoad: 300000, script: 30000}, unhandledPromptBehavior: dismiss and notify, webauthn:extension:credBlob: true, webauthn:extension:largeBlob: true, webauthn:virtualAuthenticators: true}
Session ID: ef93cc0535eb0c35e328133d04eb01e4
	at sun.reflect.NativeConstructorAccessorImpl.newInstance0(Native Method)
	at sun.reflect.NativeConstructorAccessorImpl.newInstance(NativeConstructorAccessorImpl.java:62)
	at sun.reflect.DelegatingConstructorAccessorImpl.newInstance(DelegatingConstructorAccessorImpl.java:45)
	at java.lang.reflect.Constructor.newInstance(Constructor.java:423)
	at org.openqa.selenium.remote.codec.w3c.W3CHttpResponseCodec.createException(W3CHttpResponseCodec.java:200)
	at org.openqa.selenium.remote.codec.w3c.W3CHttpResponseCodec.decode(W3CHttpResponseCodec.java:133)
	at org.openqa.selenium.remote.codec.w3c.W3CHttpResponseCodec.decode(W3CHttpResponseCodec.java:53)
	at org.openqa.selenium.remote.HttpCommandExecutor.execute(HttpCommandExecutor.java:184)
	at org.openqa.selenium.remote.service.DriverCommandExecutor.invokeExecute(DriverCommandExecutor.java:164)
	at org.openqa.selenium.remote.service.DriverCommandExecutor.execute(DriverCommandExecutor.java:139)
	at org.openqa.selenium.remote.RemoteWebDriver.execute(RemoteWebDriver.java:559)
	at org.openqa.selenium.remote.ElementLocation$ElementFinder$2.findElement(ElementLocation.java:162)
	at org.openqa.selenium.remote.ElementLocation.findElement(ElementLocation.java:60)
	at org.openqa.selenium.remote.RemoteWebDriver.findElement(RemoteWebDriver.java:383)
	at org.openqa.selenium.remote.RemoteWebDriver.findElement(RemoteWebDriver.java:375)
	at org.openqa.selenium.support.pagefactory.DefaultElementLocator.findElement(DefaultElementLocator.java:70)
	at org.openqa.selenium.support.pagefactory.internal.LocatingElementHandler.invoke(LocatingElementHandler.java:39)
	at com.sun.proxy.$Proxy23.toString(Unknown Source)
	at au.com.carsguide.websitepages.HomePage.mouseHoverOnBuySellTab(HomePage.java:34)
	at au.com.cucumber.steps.SearchCarFunctionalitySteps.iMouseHoverOnBuySellTab(SearchCarFunctionalitySteps.java:24)
	at ✽.When I mouse hover on buy+sell tab(buy.feature:31)
</pre></div>
					</li>
					<li test-id='80' class='node and skip' status='skip'><b>And</b>
						<span class="bdd-step-name">And I click ‘Used’ link</span>
							<div class='pre'>skipped</div>
					</li>
					<li test-id='81' class='node then skip' status='skip'><b>Then</b>
						<span class="bdd-step-name">Then I navigate to ‘Used Cars For Sale’ page</span>
							<div class='pre'>skipped</div>
					</li>
					<li test-id='82' class='node and skip' status='skip'><b>And</b>
						<span class="bdd-step-name">And I select make "Rover"</span>
							<div class='pre'>skipped</div>
					</li>
					<li test-id='83' class='node and skip' status='skip'><b>And</b>
						<span class="bdd-step-name">And I select model "Any Model"</span>
							<div class='pre'>skipped</div>
					</li>
					<li test-id='84' class='node and skip' status='skip'><b>And</b>
						<span class="bdd-step-name">And I select location "NSW - All"</span>
							<div class='pre'>skipped</div>
					</li>
					<li test-id='85' class='node and skip' status='skip'><b>And</b>
						<span class="bdd-step-name">And I select price "$60,000"</span>
							<div class='pre'>skipped</div>
					</li>
					<li test-id='86' class='node and skip' status='skip'><b>And</b>
						<span class="bdd-step-name">And I click on Find My Next Car tab</span>
							<div class='pre'>skipped</div>
					</li>
					<li test-id='87' class='node then skip' status='skip'><b>Then</b>
						<span class="bdd-step-name">Then I should see the make used cars "Rover" in results</span>
							<div class='pre'>skipped</div>
					</li>
				</ul>
		</li>
		<li test-id='88' class='node scenario fail' status='fail'>
			<div class='category-list'>
				<span class='category label white-text'>@smoke</span>
				<span class='category label white-text'>@regression</span>
			</div>
			
			<b>Scenario</b>
			
			<span class="bdd-step-name">Search the used car with model</span>
			
				<ul class='steps'>
					<li test-id='89' class='node given pass' status='pass'><b>Given</b>
						<span class="bdd-step-name">Given I click on Url https://www.carsguide.com.au/</span>
							<div class='pre'>passed</div>
					</li>
					<li test-id='90' class='node then pass' status='pass'><b>Then</b>
						<span class="bdd-step-name">Then I successfully on homepage of carsguide website</span>
							<div class='pre'>passed</div>
					</li>
					<li test-id='91' class='node when fail' status='fail'><b>When</b>
						<span class="bdd-step-name">When I mouse hover on buy+sell tab</span>
							<div class='pre'><pre>org.openqa.selenium.WebDriverException: unknown error: session deleted because of page crash
from unknown error: cannot determine loading status
from tab crashed
  (Session info: chrome=101.0.4951.67)
Build info: version: '4.0.0', revision: '3a21814679'
System info: host: 'LAPTOP-N67ITPLC', ip: '192.168.1.67', os.name: 'Windows 10', os.arch: 'amd64', os.version: '10.0', java.version: '1.8.0_121'
Driver info: org.openqa.selenium.chrome.ChromeDriver
Command: [ad52323585db019c42feaad6524bcf25, findElement {using=xpath, value=//a[contains(text(),'buy + sell')]}]
Capabilities {acceptInsecureCerts: false, browserName: chrome, browserVersion: 101.0.4951.67, chrome: {chromedriverVersion: 101.0.4951.41 (93c720db8323..., userDataDir: C:\Users\megha\AppData\Loca...}, goog:chromeOptions: {debuggerAddress: localhost:62766}, javascriptEnabled: true, networkConnectionEnabled: false, pageLoadStrategy: normal, platform: WINDOWS, platformName: WINDOWS, proxy: Proxy(), se:cdp: ws://localhost:62766/devtoo..., se:cdpVersion: 101.0.4951.67, setWindowRect: true, strictFileInteractability: false, timeouts: {implicit: 0, pageLoad: 300000, script: 30000}, unhandledPromptBehavior: dismiss and notify, webauthn:extension:credBlob: true, webauthn:extension:largeBlob: true, webauthn:virtualAuthenticators: true}
Session ID: ad52323585db019c42feaad6524bcf25
	at sun.reflect.NativeConstructorAccessorImpl.newInstance0(Native Method)
	at sun.reflect.NativeConstructorAccessorImpl.newInstance(NativeConstructorAccessorImpl.java:62)
	at sun.reflect.DelegatingConstructorAccessorImpl.newInstance(DelegatingConstructorAccessorImpl.java:45)
	at java.lang.reflect.Constructor.newInstance(Constructor.java:423)
	at org.openqa.selenium.remote.codec.w3c.W3CHttpResponseCodec.createException(W3CHttpResponseCodec.java:200)
	at org.openqa.selenium.remote.codec.w3c.W3CHttpResponseCodec.decode(W3CHttpResponseCodec.java:133)
	at org.openqa.selenium.remote.codec.w3c.W3CHttpResponseCodec.decode(W3CHttpResponseCodec.java:53)
	at org.openqa.selenium.remote.HttpCommandExecutor.execute(HttpCommandExecutor.java:184)
	at org.openqa.selenium.remote.service.DriverCommandExecutor.invokeExecute(DriverCommandExecutor.java:164)
	at org.openqa.selenium.remote.service.DriverCommandExecutor.execute(DriverCommandExecutor.java:139)
	at org.openqa.selenium.remote.RemoteWebDriver.execute(RemoteWebDriver.java:559)
	at org.openqa.selenium.remote.ElementLocation$ElementFinder$2.findElement(ElementLocation.java:162)
	at org.openqa.selenium.remote.ElementLocation.findElement(ElementLocation.java:60)
	at org.openqa.selenium.remote.RemoteWebDriver.findElement(RemoteWebDriver.java:383)
	at org.openqa.selenium.remote.RemoteWebDriver.findElement(RemoteWebDriver.java:375)
	at org.openqa.selenium.support.pagefactory.DefaultElementLocator.findElement(DefaultElementLocator.java:70)
	at org.openqa.selenium.support.pagefactory.internal.LocatingElementHandler.invoke(LocatingElementHandler.java:39)
	at com.sun.proxy.$Proxy23.toString(Unknown Source)
	at au.com.carsguide.websitepages.HomePage.mouseHoverOnBuySellTab(HomePage.java:34)
	at au.com.cucumber.steps.SearchCarFunctionalitySteps.iMouseHoverOnBuySellTab(SearchCarFunctionalitySteps.java:24)
	at ✽.When I mouse hover on buy+sell tab(buy.feature:31)
</pre></div>
					</li>
					<li test-id='92' class='node and skip' status='skip'><b>And</b>
						<span class="bdd-step-name">And I click ‘Used’ link</span>
							<div class='pre'>skipped</div>
					</li>
					<li test-id='93' class='node then skip' status='skip'><b>Then</b>
						<span class="bdd-step-name">Then I navigate to ‘Used Cars For Sale’ page</span>
							<div class='pre'>skipped</div>
					</li>
					<li test-id='94' class='node and skip' status='skip'><b>And</b>
						<span class="bdd-step-name">And I select make "Audi"</span>
							<div class='pre'>skipped</div>
					</li>
					<li test-id='95' class='node and skip' status='skip'><b>And</b>
						<span class="bdd-step-name">And I select model "A6"</span>
							<div class='pre'>skipped</div>
					</li>
					<li test-id='96' class='node and skip' status='skip'><b>And</b>
						<span class="bdd-step-name">And I select location "NSW - Central West"</span>
							<div class='pre'>skipped</div>
					</li>
					<li test-id='97' class='node and skip' status='skip'><b>And</b>
						<span class="bdd-step-name">And I select price "$90,000"</span>
							<div class='pre'>skipped</div>
					</li>
					<li test-id='98' class='node and skip' status='skip'><b>And</b>
						<span class="bdd-step-name">And I click on Find My Next Car tab</span>
							<div class='pre'>skipped</div>
					</li>
					<li test-id='99' class='node then skip' status='skip'><b>Then</b>
						<span class="bdd-step-name">Then I should see the make used cars "Audi" in results</span>
							<div class='pre'>skipped</div>
					</li>
				</ul>
		</li>
		<li test-id='100' class='node scenario skip' status='skip'>
			<div class='category-list'>
				<span class='category label white-text'>@smoke</span>
				<span class='category label white-text'>@regression</span>
			</div>
			
			<b>Scenario</b>
			
			<span class="bdd-step-name">Search the used car with model</span>
			
				<ul class='steps'>
					<li test-id='101' class='node given skip' status='skip'><b>Given</b>
						<span class="bdd-step-name">Given I click on Url https://www.carsguide.com.au/</span>
							<div class='pre'>skipped</div>
					</li>
					<li test-id='102' class='node then skip' status='skip'><b>Then</b>
						<span class="bdd-step-name">Then I successfully on homepage of carsguide website</span>
							<div class='pre'>skipped</div>
					</li>
					<li test-id='103' class='node when skip' status='skip'><b>When</b>
						<span class="bdd-step-name">When I mouse hover on buy+sell tab</span>
							<div class='pre'>skipped</div>
					</li>
					<li test-id='104' class='node and skip' status='skip'><b>And</b>
						<span class="bdd-step-name">And I click ‘Used’ link</span>
							<div class='pre'>skipped</div>
					</li>
					<li test-id='105' class='node then skip' status='skip'><b>Then</b>
						<span class="bdd-step-name">Then I navigate to ‘Used Cars For Sale’ page</span>
							<div class='pre'>skipped</div>
					</li>
					<li test-id='106' class='node and skip' status='skip'><b>And</b>
						<span class="bdd-step-name">And I select make "Volvo"</span>
							<div class='pre'>skipped</div>
					</li>
					<li test-id='107' class='node and skip' status='skip'><b>And</b>
						<span class="bdd-step-name">And I select model "XC90"</span>
							<div class='pre'>skipped</div>
					</li>
					<li test-id='108' class='node and skip' status='skip'><b>And</b>
						<span class="bdd-step-name">And I select location "NT - South"</span>
							<div class='pre'>skipped</div>
					</li>
					<li test-id='109' class='node and skip' status='skip'><b>And</b>
						<span class="bdd-step-name">And I select price "$50,000"</span>
							<div class='pre'>skipped</div>
					</li>
					<li test-id='110' class='node and skip' status='skip'><b>And</b>
						<span class="bdd-step-name">And I click on Find My Next Car tab</span>
							<div class='pre'>skipped</div>
					</li>
					<li test-id='111' class='node then skip' status='skip'><b>Then</b>
						<span class="bdd-step-name">Then I should see the make used cars "Volvo" in results</span>
							<div class='pre'>skipped</div>
					</li>
				</ul>
		</li>
		<li test-id='112' class='node scenario fail' status='fail'>
			<div class='category-list'>
				<span class='category label white-text'>@smoke</span>
				<span class='category label white-text'>@regression</span>
			</div>
			
			<b>Scenario</b>
			
			<span class="bdd-step-name">Search the used car with model</span>
			
				<ul class='steps'>
					<li test-id='113' class='node given pass' status='pass'><b>Given</b>
						<span class="bdd-step-name">Given I click on Url https://www.carsguide.com.au/</span>
							<div class='pre'>passed</div>
					</li>
					<li test-id='114' class='node then pass' status='pass'><b>Then</b>
						<span class="bdd-step-name">Then I successfully on homepage of carsguide website</span>
							<div class='pre'>passed</div>
					</li>
					<li test-id='115' class='node when pass' status='pass'><b>When</b>
						<span class="bdd-step-name">When I mouse hover on buy+sell tab</span>
							<div class='pre'>passed</div>
					</li>
					<li test-id='116' class='node and pass' status='pass'><b>And</b>
						<span class="bdd-step-name">And I click ‘Used’ link</span>
							<div class='pre'>passed</div>
					</li>
					<li test-id='117' class='node then pass' status='pass'><b>Then</b>
						<span class="bdd-step-name">Then I navigate to ‘Used Cars For Sale’ page</span>
							<div class='pre'>passed</div>
					</li>
					<li test-id='118' class='node and pass' status='pass'><b>And</b>
						<span class="bdd-step-name">And I select make "Ford"</span>
							<div class='pre'>passed</div>
					</li>
					<li test-id='119' class='node and pass' status='pass'><b>And</b>
						<span class="bdd-step-name">And I select model "Corsair"</span>
							<div class='pre'>passed</div>
					</li>
					<li test-id='120' class='node and pass' status='pass'><b>And</b>
						<span class="bdd-step-name">And I select location "QLD - Far North"</span>
							<div class='pre'>passed</div>
					</li>
					<li test-id='121' class='node and pass' status='pass'><b>And</b>
						<span class="bdd-step-name">And I select price "$50,000"</span>
							<div class='pre'>passed</div>
					</li>
					<li test-id='122' class='node and pass' status='pass'><b>And</b>
						<span class="bdd-step-name">And I click on Find My Next Car tab</span>
							<div class='pre'>passed</div>
					</li>
					<li test-id='123' class='node then fail' status='fail'><b>Then</b>
						<span class="bdd-step-name">Then I should see the make used cars "Ford" in results</span>
							<div class='pre'><pre>org.openqa.selenium.NoSuchWindowException: no such window: target window already closed
from unknown error: web view not found
  (Session info: chrome=101.0.4951.67)
Build info: version: '4.0.0', revision: '3a21814679'
System info: host: 'LAPTOP-N67ITPLC', ip: '192.168.1.67', os.name: 'Windows 10', os.arch: 'amd64', os.version: '10.0', java.version: '1.8.0_121'
Driver info: org.openqa.selenium.chrome.ChromeDriver
Command: [a6037772a59cb643590414fc5403d567, findElement {using=xpath, value=//h1[@class="listing-search-title"]}]
Capabilities {acceptInsecureCerts: false, browserName: chrome, browserVersion: 101.0.4951.67, chrome: {chromedriverVersion: 101.0.4951.41 (93c720db8323..., userDataDir: C:\Users\megha\AppData\Loca...}, goog:chromeOptions: {debuggerAddress: localhost:62889}, javascriptEnabled: true, networkConnectionEnabled: false, pageLoadStrategy: normal, platform: WINDOWS, platformName: WINDOWS, proxy: Proxy(), se:cdp: ws://localhost:62889/devtoo..., se:cdpVersion: 101.0.4951.67, setWindowRect: true, strictFileInteractability: false, timeouts: {implicit: 0, pageLoad: 300000, script: 30000}, unhandledPromptBehavior: dismiss and notify, webauthn:extension:credBlob: true, webauthn:extension:largeBlob: true, webauthn:virtualAuthenticators: true}
Session ID: a6037772a59cb643590414fc5403d567
	at sun.reflect.NativeConstructorAccessorImpl.newInstance0(Native Method)
	at sun.reflect.NativeConstructorAccessorImpl.newInstance(NativeConstructorAccessorImpl.java:62)
	at sun.reflect.DelegatingConstructorAccessorImpl.newInstance(DelegatingConstructorAccessorImpl.java:45)
	at java.lang.reflect.Constructor.newInstance(Constructor.java:423)
	at org.openqa.selenium.remote.codec.w3c.W3CHttpResponseCodec.createException(W3CHttpResponseCodec.java:200)
	at org.openqa.selenium.remote.codec.w3c.W3CHttpResponseCodec.decode(W3CHttpResponseCodec.java:133)
	at org.openqa.selenium.remote.codec.w3c.W3CHttpResponseCodec.decode(W3CHttpResponseCodec.java:53)
	at org.openqa.selenium.remote.HttpCommandExecutor.execute(HttpCommandExecutor.java:184)
	at org.openqa.selenium.remote.service.DriverCommandExecutor.invokeExecute(DriverCommandExecutor.java:164)
	at org.openqa.selenium.remote.service.DriverCommandExecutor.execute(DriverCommandExecutor.java:139)
	at org.openqa.selenium.remote.RemoteWebDriver.execute(RemoteWebDriver.java:559)
	at org.openqa.selenium.remote.ElementLocation$ElementFinder$2.findElement(ElementLocation.java:162)
	at org.openqa.selenium.remote.ElementLocation.findElement(ElementLocation.java:60)
	at org.openqa.selenium.remote.RemoteWebDriver.findElement(RemoteWebDriver.java:383)
	at org.openqa.selenium.remote.RemoteWebDriver.findElement(RemoteWebDriver.java:375)
	at org.openqa.selenium.support.pagefactory.DefaultElementLocator.findElement(DefaultElementLocator.java:70)
	at org.openqa.selenium.support.pagefactory.internal.LocatingElementHandler.invoke(LocatingElementHandler.java:39)
	at com.sun.proxy.$Proxy23.getText(Unknown Source)
	at au.com.carsguide.utility.Utilites.getTextFromElement(Utilites.java:61)
	at au.com.carsguide.websitepages.SearchResultPage.getVerifyNewCarSearchText(SearchResultPage.java:23)
	at au.com.cucumber.steps.SearchCarFunctionalitySteps.iShouldSeeTheMakeUsedCarsInResults(SearchCarFunctionalitySteps.java:80)
	at ✽.Then I should see the make used cars "Ford" in results(buy.feature:39)
</pre></div>
					</li>
				</ul>
		</li>
		<li test-id='124' class='node scenario fail' status='fail'>
			<div class='category-list'>
				<span class='category label white-text'>@smoke</span>
				<span class='category label white-text'>@regression</span>
			</div>
			
			<b>Scenario</b>
			
			<span class="bdd-step-name">Search the used car with model</span>
			
				<ul class='steps'>
					<li test-id='125' class='node given pass' status='pass'><b>Given</b>
						<span class="bdd-step-name">Given I click on Url https://www.carsguide.com.au/</span>
							<div class='pre'>passed</div>
					</li>
					<li test-id='126' class='node then pass' status='pass'><b>Then</b>
						<span class="bdd-step-name">Then I successfully on homepage of carsguide website</span>
							<div class='pre'>passed</div>
					</li>
					<li test-id='127' class='node when fail' status='fail'><b>When</b>
						<span class="bdd-step-name">When I mouse hover on buy+sell tab</span>
							<div class='pre'><pre>org.openqa.selenium.WebDriverException: unknown error: session deleted because of page crash
from unknown error: cannot determine loading status
from tab crashed
  (Session info: chrome=101.0.4951.67)
Build info: version: '4.0.0', revision: '3a21814679'
System info: host: 'LAPTOP-N67ITPLC', ip: '192.168.1.67', os.name: 'Windows 10', os.arch: 'amd64', os.version: '10.0', java.version: '1.8.0_121'
Driver info: org.openqa.selenium.chrome.ChromeDriver
Command: [44dee22bfb6377c7e837a4ecd2301885, findElement {using=xpath, value=//a[contains(text(),'buy + sell')]}]
Capabilities {acceptInsecureCerts: false, browserName: chrome, browserVersion: 101.0.4951.67, chrome: {chromedriverVersion: 101.0.4951.41 (93c720db8323..., userDataDir: C:\Users\megha\AppData\Loca...}, goog:chromeOptions: {debuggerAddress: localhost:63068}, javascriptEnabled: true, networkConnectionEnabled: false, pageLoadStrategy: normal, platform: WINDOWS, platformName: WINDOWS, proxy: Proxy(), se:cdp: ws://localhost:63068/devtoo..., se:cdpVersion: 101.0.4951.67, setWindowRect: true, strictFileInteractability: false, timeouts: {implicit: 0, pageLoad: 300000, script: 30000}, unhandledPromptBehavior: dismiss and notify, webauthn:extension:credBlob: true, webauthn:extension:largeBlob: true, webauthn:virtualAuthenticators: true}
Session ID: 44dee22bfb6377c7e837a4ecd2301885
	at sun.reflect.NativeConstructorAccessorImpl.newInstance0(Native Method)
	at sun.reflect.NativeConstructorAccessorImpl.newInstance(NativeConstructorAccessorImpl.java:62)
	at sun.reflect.DelegatingConstructorAccessorImpl.newInstance(DelegatingConstructorAccessorImpl.java:45)
	at java.lang.reflect.Constructor.newInstance(Constructor.java:423)
	at org.openqa.selenium.remote.codec.w3c.W3CHttpResponseCodec.createException(W3CHttpResponseCodec.java:200)
	at org.openqa.selenium.remote.codec.w3c.W3CHttpResponseCodec.decode(W3CHttpResponseCodec.java:133)
	at org.openqa.selenium.remote.codec.w3c.W3CHttpResponseCodec.decode(W3CHttpResponseCodec.java:53)
	at org.openqa.selenium.remote.HttpCommandExecutor.execute(HttpCommandExecutor.java:184)
	at org.openqa.selenium.remote.service.DriverCommandExecutor.invokeExecute(DriverCommandExecutor.java:164)
	at org.openqa.selenium.remote.service.DriverCommandExecutor.execute(DriverCommandExecutor.java:139)
	at org.openqa.selenium.remote.RemoteWebDriver.execute(RemoteWebDriver.java:559)
	at org.openqa.selenium.remote.ElementLocation$ElementFinder$2.findElement(ElementLocation.java:162)
	at org.openqa.selenium.remote.ElementLocation.findElement(ElementLocation.java:60)
	at org.openqa.selenium.remote.RemoteWebDriver.findElement(RemoteWebDriver.java:383)
	at org.openqa.selenium.remote.RemoteWebDriver.findElement(RemoteWebDriver.java:375)
	at org.openqa.selenium.support.pagefactory.DefaultElementLocator.findElement(DefaultElementLocator.java:70)
	at org.openqa.selenium.support.pagefactory.internal.LocatingElementHandler.invoke(LocatingElementHandler.java:39)
	at com.sun.proxy.$Proxy23.toString(Unknown Source)
	at au.com.carsguide.websitepages.HomePage.mouseHoverOnBuySellTab(HomePage.java:34)
	at au.com.cucumber.steps.SearchCarFunctionalitySteps.iMouseHoverOnBuySellTab(SearchCarFunctionalitySteps.java:24)
	at ✽.When I mouse hover on buy+sell tab(buy.feature:31)
</pre></div>
					</li>
					<li test-id='128' class='node and skip' status='skip'><b>And</b>
						<span class="bdd-step-name">And I click ‘Used’ link</span>
							<div class='pre'>skipped</div>
					</li>
					<li test-id='129' class='node then skip' status='skip'><b>Then</b>
						<span class="bdd-step-name">Then I navigate to ‘Used Cars For Sale’ page</span>
							<div class='pre'>skipped</div>
					</li>
					<li test-id='130' class='node and skip' status='skip'><b>And</b>
						<span class="bdd-step-name">And I select make "BMW"</span>
							<div class='pre'>skipped</div>
					</li>
					<li test-id='131' class='node and skip' status='skip'><b>And</b>
						<span class="bdd-step-name">And I select model "1 Series"</span>
							<div class='pre'>skipped</div>
					</li>
					<li test-id='132' class='node and skip' status='skip'><b>And</b>
						<span class="bdd-step-name">And I select location "SA - Eyre Peninsula"</span>
							<div class='pre'>skipped</div>
					</li>
					<li test-id='133' class='node and skip' status='skip'><b>And</b>
						<span class="bdd-step-name">And I select price "$25,000"</span>
							<div class='pre'>skipped</div>
					</li>
					<li test-id='134' class='node and skip' status='skip'><b>And</b>
						<span class="bdd-step-name">And I click on Find My Next Car tab</span>
							<div class='pre'>skipped</div>
					</li>
					<li test-id='135' class='node then skip' status='skip'><b>Then</b>
						<span class="bdd-step-name">Then I should see the make used cars "BMW" in results</span>
							<div class='pre'>skipped</div>
					</li>
				</ul>
		</li>
		<li test-id='136' class='node scenario fail' status='fail'>
			<div class='category-list'>
				<span class='category label white-text'>@smoke</span>
				<span class='category label white-text'>@regression</span>
			</div>
			
			<b>Scenario</b>
			
			<span class="bdd-step-name">Search the used car with model</span>
			
				<ul class='steps'>
					<li test-id='137' class='node given pass' status='pass'><b>Given</b>
						<span class="bdd-step-name">Given I click on Url https://www.carsguide.com.au/</span>
							<div class='pre'>passed</div>
					</li>
					<li test-id='138' class='node then pass' status='pass'><b>Then</b>
						<span class="bdd-step-name">Then I successfully on homepage of carsguide website</span>
							<div class='pre'>passed</div>
					</li>
					<li test-id='139' class='node when fail' status='fail'><b>When</b>
						<span class="bdd-step-name">When I mouse hover on buy+sell tab</span>
							<div class='pre'><pre>org.openqa.selenium.WebDriverException: unknown error: session deleted because of page crash
from unknown error: cannot determine loading status
from tab crashed
  (Session info: chrome=101.0.4951.67)
Build info: version: '4.0.0', revision: '3a21814679'
System info: host: 'LAPTOP-N67ITPLC', ip: '192.168.1.67', os.name: 'Windows 10', os.arch: 'amd64', os.version: '10.0', java.version: '1.8.0_121'
Driver info: org.openqa.selenium.chrome.ChromeDriver
Command: [27bb0bef28f9bc81e06a076a9681e727, findElement {using=xpath, value=//a[contains(text(),'buy + sell')]}]
Capabilities {acceptInsecureCerts: false, browserName: chrome, browserVersion: 101.0.4951.67, chrome: {chromedriverVersion: 101.0.4951.41 (93c720db8323..., userDataDir: C:\Users\megha\AppData\Loca...}, goog:chromeOptions: {debuggerAddress: localhost:63131}, javascriptEnabled: true, networkConnectionEnabled: false, pageLoadStrategy: normal, platform: WINDOWS, platformName: WINDOWS, proxy: Proxy(), se:cdp: ws://localhost:63131/devtoo..., se:cdpVersion: 101.0.4951.67, setWindowRect: true, strictFileInteractability: false, timeouts: {implicit: 0, pageLoad: 300000, script: 30000}, unhandledPromptBehavior: dismiss and notify, webauthn:extension:credBlob: true, webauthn:extension:largeBlob: true, webauthn:virtualAuthenticators: true}
Session ID: 27bb0bef28f9bc81e06a076a9681e727
	at sun.reflect.NativeConstructorAccessorImpl.newInstance0(Native Method)
	at sun.reflect.NativeConstructorAccessorImpl.newInstance(NativeConstructorAccessorImpl.java:62)
	at sun.reflect.DelegatingConstructorAccessorImpl.newInstance(DelegatingConstructorAccessorImpl.java:45)
	at java.lang.reflect.Constructor.newInstance(Constructor.java:423)
	at org.openqa.selenium.remote.codec.w3c.W3CHttpResponseCodec.createException(W3CHttpResponseCodec.java:200)
	at org.openqa.selenium.remote.codec.w3c.W3CHttpResponseCodec.decode(W3CHttpResponseCodec.java:133)
	at org.openqa.selenium.remote.codec.w3c.W3CHttpResponseCodec.decode(W3CHttpResponseCodec.java:53)
	at org.openqa.selenium.remote.HttpCommandExecutor.execute(HttpCommandExecutor.java:184)
	at org.openqa.selenium.remote.service.DriverCommandExecutor.invokeExecute(DriverCommandExecutor.java:164)
	at org.openqa.selenium.remote.service.DriverCommandExecutor.execute(DriverCommandExecutor.java:139)
	at org.openqa.selenium.remote.RemoteWebDriver.execute(RemoteWebDriver.java:559)
	at org.openqa.selenium.remote.ElementLocation$ElementFinder$2.findElement(ElementLocation.java:162)
	at org.openqa.selenium.remote.ElementLocation.findElement(ElementLocation.java:60)
	at org.openqa.selenium.remote.RemoteWebDriver.findElement(RemoteWebDriver.java:383)
	at org.openqa.selenium.remote.RemoteWebDriver.findElement(RemoteWebDriver.java:375)
	at org.openqa.selenium.support.pagefactory.DefaultElementLocator.findElement(DefaultElementLocator.java:70)
	at org.openqa.selenium.support.pagefactory.internal.LocatingElementHandler.invoke(LocatingElementHandler.java:39)
	at com.sun.proxy.$Proxy23.toString(Unknown Source)
	at au.com.carsguide.websitepages.HomePage.mouseHoverOnBuySellTab(HomePage.java:34)
	at au.com.cucumber.steps.SearchCarFunctionalitySteps.iMouseHoverOnBuySellTab(SearchCarFunctionalitySteps.java:24)
	at ✽.When I mouse hover on buy+sell tab(buy.feature:31)
</pre></div>
					</li>
					<li test-id='140' class='node and skip' status='skip'><b>And</b>
						<span class="bdd-step-name">And I click ‘Used’ link</span>
							<div class='pre'>skipped</div>
					</li>
					<li test-id='141' class='node then skip' status='skip'><b>Then</b>
						<span class="bdd-step-name">Then I navigate to ‘Used Cars For Sale’ page</span>
							<div class='pre'>skipped</div>
					</li>
					<li test-id='142' class='node and skip' status='skip'><b>And</b>
						<span class="bdd-step-name">And I select make "Lamborghini"</span>
							<div class='pre'>skipped</div>
					</li>
					<li test-id='143' class='node and skip' status='skip'><b>And</b>
						<span class="bdd-step-name">And I select model "Huracan"</span>
							<div class='pre'>skipped</div>
					</li>
					<li test-id='144' class='node and skip' status='skip'><b>And</b>
						<span class="bdd-step-name">And I select location "VIC - All"</span>
							<div class='pre'>skipped</div>
					</li>
					<li test-id='145' class='node and skip' status='skip'><b>And</b>
						<span class="bdd-step-name">And I select price "$60,000"</span>
							<div class='pre'>skipped</div>
					</li>
					<li test-id='146' class='node and skip' status='skip'><b>And</b>
						<span class="bdd-step-name">And I click on Find My Next Car tab</span>
							<div class='pre'>skipped</div>
					</li>
					<li test-id='147' class='node then skip' status='skip'><b>Then</b>
						<span class="bdd-step-name">Then I should see the make used cars "Lamborghini" in results</span>
							<div class='pre'>skipped</div>
					</li>
				</ul>
		</li>
	</ul>
</div>
					</div>
				</li>
			</ul>
		</div>
	</div>
	<!-- subview left -->

	<div class='subview-right left'>
		<div class='view-summary'>
			<h5 class='test-name'></h5>

			<div id='step-filters' class="right">
				<span class="blue-text" status="info" alt="info" title="info"><i class="material-icons">info_outline</i></span>
				<span class="green-text" status="pass" alt="pass" title="pass"><i class="material-icons">check_circle</i></span>
				<span class="red-text" status="fail" alt="fail" title="fail"><i class="material-icons">cancel</i></span>
				<span class="red-text text-darken-4" status="fatal" alt="fatal" title="fatal"><i class="material-icons">cancel</i></span>
				<span class="pink-text text-lighten-1" status="error" alt="error" title="error"><i class="material-icons">error</i></span>
				<span class="orange-text" alt="warning" status="warning" title="warning"><i class="material-icons">warning</i></span>
				<span class="teal-text" status="skip" alt="skip" title="skip"><i class="material-icons">redo</i></span>
				<span status="clear" alt="Clear filters" title="Clear filters"><i class="material-icons">clear</i></span>
			</div>
		</div>
	</div>
	<!-- subview right -->

</div>
<!-- test view -->
<div id='category-view' class='view hide'>

	<section id='controls'>
		<div class='controls grey lighten-4'>
			<!-- search -->
			<div class='chip transparent' alt='Search Tests' title='Search Tests'>
				<a href="#" class='search-div'>
					<i class='material-icons'>search</i> Search
				</a>
				
				<div class='input-field left hide'>
					<input id='search-tests' type='text' class='validate browser-default' placeholder='Search Tests...'>
				</div>
				
			</div>
			<!-- search -->
		</div>
	</section>

	<div class='subview-left left'>
		
		<div class='view-summary'>
			<h5>Categories</h3>
			<ul id='category-collection' class='category-collection'>
				
				<li class='category displayed active'>
					<div class='category-heading'>
						<span class='category-name'>@smoke</span>
						<span class='category-status right'>
							<span class='label fail'>10</span>
							<span class='label others'>2</span>
						</span>
					</div>
					<div class='category-content hide'>
						<div class='category-status-counts'>
							
							<span class='label red lighten-1 white-text'>Failed: 10</span>
							<span class='label yellow darken-2 white-text'>Others: 2</span>
						</div>
					
						<div class='category-tests'>
							<table class='bordered table-results'>
								<thead>
									<tr>
										<th>Timestamp</th>
										<th>TestName</th>
										<th>Status</th>
									</tr>
								</thead>
								<tbody>
									<tr>
										<td>May 20, 2022 12:43:57 AM</td>
										<td class='linked' test-id='3'>Search functionality.Search the buy car with model.Search the buy car with model</td>
										<td><span class='test-status fail'>fail</span></td>
									</tr>
									<tr>
										<td>May 20, 2022 12:44:02 AM</td>
										<td class='linked' test-id='15'>Search functionality.Search the buy car with model.Search the buy car with model</td>
										<td><span class='test-status fail'>fail</span></td>
									</tr>
									<tr>
										<td>May 20, 2022 12:44:05 AM</td>
										<td class='linked' test-id='27'>Search functionality.Search the buy car with model.Search the buy car with model</td>
										<td><span class='test-status skip'>skip</span></td>
									</tr>
									<tr>
										<td>May 20, 2022 12:44:08 AM</td>
										<td class='linked' test-id='39'>Search functionality.Search the buy car with model.Search the buy car with model</td>
										<td><span class='test-status fail'>fail</span></td>
									</tr>
									<tr>
										<td>May 20, 2022 12:44:11 AM</td>
										<td class='linked' test-id='51'>Search functionality.Search the buy car with model.Search the buy car with model</td>
										<td><span class='test-status fail'>fail</span></td>
									</tr>
									<tr>
										<td>May 20, 2022 12:44:19 AM</td>
										<td class='linked' test-id='63'>Search functionality.Search the buy car with model.Search the buy car with model</td>
										<td><span class='test-status fail'>fail</span></td>
									</tr>
									<tr>
										<td>May 20, 2022 12:44:27 AM</td>
										<td class='linked' test-id='76'>Search functionality.Search the used car with model.Search the used car with model</td>
										<td><span class='test-status fail'>fail</span></td>
									</tr>
									<tr>
										<td>May 20, 2022 12:44:30 AM</td>
										<td class='linked' test-id='88'>Search functionality.Search the used car with model.Search the used car with model</td>
										<td><span class='test-status fail'>fail</span></td>
									</tr>
									<tr>
										<td>May 20, 2022 12:44:33 AM</td>
										<td class='linked' test-id='100'>Search functionality.Search the used car with model.Search the used car with model</td>
										<td><span class='test-status skip'>skip</span></td>
									</tr>
									<tr>
										<td>May 20, 2022 12:44:36 AM</td>
										<td class='linked' test-id='112'>Search functionality.Search the used car with model.Search the used car with model</td>
										<td><span class='test-status fail'>fail</span></td>
									</tr>
									<tr>
										<td>May 20, 2022 12:44:49 AM</td>
										<td class='linked' test-id='124'>Search functionality.Search the used car with model.Search the used car with model</td>
										<td><span class='test-status fail'>fail</span></td>
									</tr>
									<tr>
										<td>May 20, 2022 12:44:53 AM</td>
										<td class='linked' test-id='136'>Search functionality.Search the used car with model.Search the used car with model</td>
										<td><span class='test-status fail'>fail</span></td>
									</tr>
								</tbody>
							</table>
						</div>
					</div>
				</li>
				<li class='category displayed active'>
					<div class='category-heading'>
						<span class='category-name'>@regression</span>
						<span class='category-status right'>
							<span class='label fail'>10</span>
							<span class='label others'>2</span>
						</span>
					</div>
					<div class='category-content hide'>
						<div class='category-status-counts'>
							
							<span class='label red lighten-1 white-text'>Failed: 10</span>
							<span class='label yellow darken-2 white-text'>Others: 2</span>
						</div>
					
						<div class='category-tests'>
							<table class='bordered table-results'>
								<thead>
									<tr>
										<th>Timestamp</th>
										<th>TestName</th>
										<th>Status</th>
									</tr>
								</thead>
								<tbody>
									<tr>
										<td>May 20, 2022 12:43:57 AM</td>
										<td class='linked' test-id='3'>Search functionality.Search the buy car with model.Search the buy car with model</td>
										<td><span class='test-status fail'>fail</span></td>
									</tr>
									<tr>
										<td>May 20, 2022 12:44:02 AM</td>
										<td class='linked' test-id='15'>Search functionality.Search the buy car with model.Search the buy car with model</td>
										<td><span class='test-status fail'>fail</span></td>
									</tr>
									<tr>
										<td>May 20, 2022 12:44:05 AM</td>
										<td class='linked' test-id='27'>Search functionality.Search the buy car with model.Search the buy car with model</td>
										<td><span class='test-status skip'>skip</span></td>
									</tr>
									<tr>
										<td>May 20, 2022 12:44:08 AM</td>
										<td class='linked' test-id='39'>Search functionality.Search the buy car with model.Search the buy car with model</td>
										<td><span class='test-status fail'>fail</span></td>
									</tr>
									<tr>
										<td>May 20, 2022 12:44:11 AM</td>
										<td class='linked' test-id='51'>Search functionality.Search the buy car with model.Search the buy car with model</td>
										<td><span class='test-status fail'>fail</span></td>
									</tr>
									<tr>
										<td>May 20, 2022 12:44:19 AM</td>
										<td class='linked' test-id='63'>Search functionality.Search the buy car with model.Search the buy car with model</td>
										<td><span class='test-status fail'>fail</span></td>
									</tr>
									<tr>
										<td>May 20, 2022 12:44:27 AM</td>
										<td class='linked' test-id='76'>Search functionality.Search the used car with model.Search the used car with model</td>
										<td><span class='test-status fail'>fail</span></td>
									</tr>
									<tr>
										<td>May 20, 2022 12:44:30 AM</td>
										<td class='linked' test-id='88'>Search functionality.Search the used car with model.Search the used car with model</td>
										<td><span class='test-status fail'>fail</span></td>
									</tr>
									<tr>
										<td>May 20, 2022 12:44:33 AM</td>
										<td class='linked' test-id='100'>Search functionality.Search the used car with model.Search the used car with model</td>
										<td><span class='test-status skip'>skip</span></td>
									</tr>
									<tr>
										<td>May 20, 2022 12:44:36 AM</td>
										<td class='linked' test-id='112'>Search functionality.Search the used car with model.Search the used car with model</td>
										<td><span class='test-status fail'>fail</span></td>
									</tr>
									<tr>
										<td>May 20, 2022 12:44:49 AM</td>
										<td class='linked' test-id='124'>Search functionality.Search the used car with model.Search the used car with model</td>
										<td><span class='test-status fail'>fail</span></td>
									</tr>
									<tr>
										<td>May 20, 2022 12:44:53 AM</td>
										<td class='linked' test-id='136'>Search functionality.Search the used car with model.Search the used car with model</td>
										<td><span class='test-status fail'>fail</span></td>
									</tr>
								</tbody>
							</table>
						</div>
					</div>
				</li>
				<li class='category displayed active'>
					<div class='category-heading'>
						<span class='category-name'>@sanity</span>
						<span class='category-status right'>
							<span class='label fail'>5</span>
							<span class='label others'>1</span>
						</span>
					</div>
					<div class='category-content hide'>
						<div class='category-status-counts'>
							
							<span class='label red lighten-1 white-text'>Failed: 5</span>
							<span class='label yellow darken-2 white-text'>Others: 1</span>
						</div>
					
						<div class='category-tests'>
							<table class='bordered table-results'>
								<thead>
									<tr>
										<th>Timestamp</th>
										<th>TestName</th>
										<th>Status</th>
									</tr>
								</thead>
								<tbody>
									<tr>
										<td>May 20, 2022 12:43:57 AM</td>
										<td class='linked' test-id='3'>Search functionality.Search the buy car with model.Search the buy car with model</td>
										<td><span class='test-status fail'>fail</span></td>
									</tr>
									<tr>
										<td>May 20, 2022 12:44:02 AM</td>
										<td class='linked' test-id='15'>Search functionality.Search the buy car with model.Search the buy car with model</td>
										<td><span class='test-status fail'>fail</span></td>
									</tr>
									<tr>
										<td>May 20, 2022 12:44:05 AM</td>
										<td class='linked' test-id='27'>Search functionality.Search the buy car with model.Search the buy car with model</td>
										<td><span class='test-status skip'>skip</span></td>
									</tr>
									<tr>
										<td>May 20, 2022 12:44:08 AM</td>
										<td class='linked' test-id='39'>Search functionality.Search the buy car with model.Search the buy car with model</td>
										<td><span class='test-status fail'>fail</span></td>
									</tr>
									<tr>
										<td>May 20, 2022 12:44:11 AM</td>
										<td class='linked' test-id='51'>Search functionality.Search the buy car with model.Search the buy car with model</td>
										<td><span class='test-status fail'>fail</span></td>
									</tr>
									<tr>
										<td>May 20, 2022 12:44:19 AM</td>
										<td class='linked' test-id='63'>Search functionality.Search the buy car with model.Search the buy car with model</td>
										<td><span class='test-status fail'>fail</span></td>
									</tr>
								</tbody>
							</table>
						</div>
					</div>
				</li>

			</ul>
		</div>
	</div>

	<div class='subview-right left'>
		<div class='view-summary'>
			<h5 class='category-name'></h5>
		</div>
	</div>
</div>
<!-- category view -->
<div id='exception-view' class='view hide'>

    <section id='controls'>
        <div class='controls grey lighten-4'>
            <!-- search -->
            <div class='chip transparent' alt='Search Tests' title='Search Tests'>
                <a href="#" class='search-div'>
                    <i class='material-icons'>search</i> Search
                </a>

                <div class='input-field left hide'>
                    <input id='search-tests' type='text' class='validate browser-default' placeholder='Search Tests...'>
                </div>

            </div>
            <!-- search -->
        </div>
    </section>

    <div class='subview-left left'>

        <div class='view-summary'>
            <h5>Exceptions</h3>
                <ul id='exception-collection' class='exception-collection'>

                        <li class='exception displayed active'>
                            <div class='exception-heading'>
                                <span class='exception-name'>org.openqa.selenium.WebDriverException</span>
                                <span class='exception-count right'><span class='label red lighten-1 white-text'>7</span></span>
                            </div>
                            <div class='exception-content hide'>
                                <div class='exception-tests'>
                                    <table class='bordered table-results'>
                                        <thead>
                                        <tr>
                                            <th>Timestamp</th>
                                            <th>TestName</th>
                                            <th>Status</th>
                                        </tr>
                                        </thead>
                                        <tbody>
                                                    <tr>
                                                        <td>May 20, 2022 12:44:02 AM</td>
                                                        <td class='linked' test-id='6'>Search functionality.Search the buy car with model.Search the buy car with model.When I mouse hover on buy+sell tab</td>
                                                        <td><pre><pre>org.openqa.selenium.WebDriverException: unknown error: session deleted because of page crash
from unknown error: cannot determine loading status
from tab crashed
  (Session info: chrome=101.0.4951.67)
Build info: version: '4.0.0', revision: '3a21814679'
System info: host: 'LAPTOP-N67ITPLC', ip: '192.168.1.67', os.name: 'Windows 10', os.arch: 'amd64', os.version: '10.0', java.version: '1.8.0_121'
Driver info: org.openqa.selenium.chrome.ChromeDriver
Command: [6a996121c2da67e21d074e78a64a14d2, findElement {using=xpath, value=//a[contains(text(),'buy + sell')]}]
Capabilities {acceptInsecureCerts: false, browserName: chrome, browserVersion: 101.0.4951.67, chrome: {chromedriverVersion: 101.0.4951.41 (93c720db8323..., userDataDir: C:\Users\megha\AppData\Loca...}, goog:chromeOptions: {debuggerAddress: localhost:62108}, javascriptEnabled: true, networkConnectionEnabled: false, pageLoadStrategy: normal, platform: WINDOWS, platformName: WINDOWS, proxy: Proxy(), se:cdp: ws://localhost:62108/devtoo..., se:cdpVersion: 101.0.4951.67, setWindowRect: true, strictFileInteractability: false, timeouts: {implicit: 0, pageLoad: 300000, script: 30000}, unhandledPromptBehavior: dismiss and notify, webauthn:extension:credBlob: true, webauthn:extension:largeBlob: true, webauthn:virtualAuthenticators: true}
Session ID: 6a996121c2da67e21d074e78a64a14d2
	at sun.reflect.NativeConstructorAccessorImpl.newInstance0(Native Method)
	at sun.reflect.NativeConstructorAccessorImpl.newInstance(NativeConstructorAccessorImpl.java:62)
	at sun.reflect.DelegatingConstructorAccessorImpl.newInstance(DelegatingConstructorAccessorImpl.java:45)
	at java.lang.reflect.Constructor.newInstance(Constructor.java:423)
	at org.openqa.selenium.remote.codec.w3c.W3CHttpResponseCodec.createException(W3CHttpResponseCodec.java:200)
	at org.openqa.selenium.remote.codec.w3c.W3CHttpResponseCodec.decode(W3CHttpResponseCodec.java:133)
	at org.openqa.selenium.remote.codec.w3c.W3CHttpResponseCodec.decode(W3CHttpResponseCodec.java:53)
	at org.openqa.selenium.remote.HttpCommandExecutor.execute(HttpCommandExecutor.java:184)
	at org.openqa.selenium.remote.service.DriverCommandExecutor.invokeExecute(DriverCommandExecutor.java:164)
	at org.openqa.selenium.remote.service.DriverCommandExecutor.execute(DriverCommandExecutor.java:139)
	at org.openqa.selenium.remote.RemoteWebDriver.execute(RemoteWebDriver.java:559)
	at org.openqa.selenium.remote.ElementLocation$ElementFinder$2.findElement(ElementLocation.java:162)
	at org.openqa.selenium.remote.ElementLocation.findElement(ElementLocation.java:60)
	at org.openqa.selenium.remote.RemoteWebDriver.findElement(RemoteWebDriver.java:383)
	at org.openqa.selenium.remote.RemoteWebDriver.findElement(RemoteWebDriver.java:375)
	at org.openqa.selenium.support.pagefactory.DefaultElementLocator.findElement(DefaultElementLocator.java:70)
	at org.openqa.selenium.support.pagefactory.internal.LocatingElementHandler.invoke(LocatingElementHandler.java:39)
	at com.sun.proxy.$Proxy23.toString(Unknown Source)
	at au.com.carsguide.websitepages.HomePage.mouseHoverOnBuySellTab(HomePage.java:34)
	at au.com.cucumber.steps.SearchCarFunctionalitySteps.iMouseHoverOnBuySellTab(SearchCarFunctionalitySteps.java:24)
	at ✽.When I mouse hover on buy+sell tab(buy.feature:10)
</pre></pre></td>
                                                    </tr>
                                                    <tr>
                                                        <td>May 20, 2022 12:44:05 AM</td>
                                                        <td class='linked' test-id='18'>Search functionality.Search the buy car with model.Search the buy car with model.When I mouse hover on buy+sell tab</td>
                                                        <td><pre><pre>org.openqa.selenium.WebDriverException: unknown error: session deleted because of page crash
from unknown error: cannot determine loading status
from tab crashed
  (Session info: chrome=101.0.4951.67)
Build info: version: '4.0.0', revision: '3a21814679'
System info: host: 'LAPTOP-N67ITPLC', ip: '192.168.1.67', os.name: 'Windows 10', os.arch: 'amd64', os.version: '10.0', java.version: '1.8.0_121'
Driver info: org.openqa.selenium.chrome.ChromeDriver
Command: [0280131cc7242e4cf72a22e0422eadc0, findElement {using=xpath, value=//a[contains(text(),'buy + sell')]}]
Capabilities {acceptInsecureCerts: false, browserName: chrome, browserVersion: 101.0.4951.67, chrome: {chromedriverVersion: 101.0.4951.41 (93c720db8323..., userDataDir: C:\Users\megha\AppData\Loca...}, goog:chromeOptions: {debuggerAddress: localhost:62175}, javascriptEnabled: true, networkConnectionEnabled: false, pageLoadStrategy: normal, platform: WINDOWS, platformName: WINDOWS, proxy: Proxy(), se:cdp: ws://localhost:62175/devtoo..., se:cdpVersion: 101.0.4951.67, setWindowRect: true, strictFileInteractability: false, timeouts: {implicit: 0, pageLoad: 300000, script: 30000}, unhandledPromptBehavior: dismiss and notify, webauthn:extension:credBlob: true, webauthn:extension:largeBlob: true, webauthn:virtualAuthenticators: true}
Session ID: 0280131cc7242e4cf72a22e0422eadc0
	at sun.reflect.NativeConstructorAccessorImpl.newInstance0(Native Method)
	at sun.reflect.NativeConstructorAccessorImpl.newInstance(NativeConstructorAccessorImpl.java:62)
	at sun.reflect.DelegatingConstructorAccessorImpl.newInstance(DelegatingConstructorAccessorImpl.java:45)
	at java.lang.reflect.Constructor.newInstance(Constructor.java:423)
	at org.openqa.selenium.remote.codec.w3c.W3CHttpResponseCodec.createException(W3CHttpResponseCodec.java:200)
	at org.openqa.selenium.remote.codec.w3c.W3CHttpResponseCodec.decode(W3CHttpResponseCodec.java:133)
	at org.openqa.selenium.remote.codec.w3c.W3CHttpResponseCodec.decode(W3CHttpResponseCodec.java:53)
	at org.openqa.selenium.remote.HttpCommandExecutor.execute(HttpCommandExecutor.java:184)
	at org.openqa.selenium.remote.service.DriverCommandExecutor.invokeExecute(DriverCommandExecutor.java:164)
	at org.openqa.selenium.remote.service.DriverCommandExecutor.execute(DriverCommandExecutor.java:139)
	at org.openqa.selenium.remote.RemoteWebDriver.execute(RemoteWebDriver.java:559)
	at org.openqa.selenium.remote.ElementLocation$ElementFinder$2.findElement(ElementLocation.java:162)
	at org.openqa.selenium.remote.ElementLocation.findElement(ElementLocation.java:60)
	at org.openqa.selenium.remote.RemoteWebDriver.findElement(RemoteWebDriver.java:383)
	at org.openqa.selenium.remote.RemoteWebDriver.findElement(RemoteWebDriver.java:375)
	at org.openqa.selenium.support.pagefactory.DefaultElementLocator.findElement(DefaultElementLocator.java:70)
	at org.openqa.selenium.support.pagefactory.internal.LocatingElementHandler.invoke(LocatingElementHandler.java:39)
	at com.sun.proxy.$Proxy23.toString(Unknown Source)
	at au.com.carsguide.websitepages.HomePage.mouseHoverOnBuySellTab(HomePage.java:34)
	at au.com.cucumber.steps.SearchCarFunctionalitySteps.iMouseHoverOnBuySellTab(SearchCarFunctionalitySteps.java:24)
	at ✽.When I mouse hover on buy+sell tab(buy.feature:10)
</pre></pre></td>
                                                    </tr>
                                                    <tr>
                                                        <td>May 20, 2022 12:44:11 AM</td>
                                                        <td class='linked' test-id='42'>Search functionality.Search the buy car with model.Search the buy car with model.When I mouse hover on buy+sell tab</td>
                                                        <td><pre><pre>org.openqa.selenium.WebDriverException: unknown error: session deleted because of page crash
from unknown error: cannot determine loading status
from tab crashed
  (Session info: chrome=101.0.4951.67)
Build info: version: '4.0.0', revision: '3a21814679'
System info: host: 'LAPTOP-N67ITPLC', ip: '192.168.1.67', os.name: 'Windows 10', os.arch: 'amd64', os.version: '10.0', java.version: '1.8.0_121'
Driver info: org.openqa.selenium.chrome.ChromeDriver
Command: [f253d089ff71506b5e4e4361640462c1, findElement {using=xpath, value=//a[contains(text(),'buy + sell')]}]
Capabilities {acceptInsecureCerts: false, browserName: chrome, browserVersion: 101.0.4951.67, chrome: {chromedriverVersion: 101.0.4951.41 (93c720db8323..., userDataDir: C:\Users\megha\AppData\Loca...}, goog:chromeOptions: {debuggerAddress: localhost:62301}, javascriptEnabled: true, networkConnectionEnabled: false, pageLoadStrategy: normal, platform: WINDOWS, platformName: WINDOWS, proxy: Proxy(), se:cdp: ws://localhost:62301/devtoo..., se:cdpVersion: 101.0.4951.67, setWindowRect: true, strictFileInteractability: false, timeouts: {implicit: 0, pageLoad: 300000, script: 30000}, unhandledPromptBehavior: dismiss and notify, webauthn:extension:credBlob: true, webauthn:extension:largeBlob: true, webauthn:virtualAuthenticators: true}
Session ID: f253d089ff71506b5e4e4361640462c1
	at sun.reflect.NativeConstructorAccessorImpl.newInstance0(Native Method)
	at sun.reflect.NativeConstructorAccessorImpl.newInstance(NativeConstructorAccessorImpl.java:62)
	at sun.reflect.DelegatingConstructorAccessorImpl.newInstance(DelegatingConstructorAccessorImpl.java:45)
	at java.lang.reflect.Constructor.newInstance(Constructor.java:423)
	at org.openqa.selenium.remote.codec.w3c.W3CHttpResponseCodec.createException(W3CHttpResponseCodec.java:200)
	at org.openqa.selenium.remote.codec.w3c.W3CHttpResponseCodec.decode(W3CHttpResponseCodec.java:133)
	at org.openqa.selenium.remote.codec.w3c.W3CHttpResponseCodec.decode(W3CHttpResponseCodec.java:53)
	at org.openqa.selenium.remote.HttpCommandExecutor.execute(HttpCommandExecutor.java:184)
	at org.openqa.selenium.remote.service.DriverCommandExecutor.invokeExecute(DriverCommandExecutor.java:164)
	at org.openqa.selenium.remote.service.DriverCommandExecutor.execute(DriverCommandExecutor.java:139)
	at org.openqa.selenium.remote.RemoteWebDriver.execute(RemoteWebDriver.java:559)
	at org.openqa.selenium.remote.ElementLocation$ElementFinder$2.findElement(ElementLocation.java:162)
	at org.openqa.selenium.remote.ElementLocation.findElement(ElementLocation.java:60)
	at org.openqa.selenium.remote.RemoteWebDriver.findElement(RemoteWebDriver.java:383)
	at org.openqa.selenium.remote.RemoteWebDriver.findElement(RemoteWebDriver.java:375)
	at org.openqa.selenium.support.pagefactory.DefaultElementLocator.findElement(DefaultElementLocator.java:70)
	at org.openqa.selenium.support.pagefactory.internal.LocatingElementHandler.invoke(LocatingElementHandler.java:39)
	at com.sun.proxy.$Proxy23.toString(Unknown Source)
	at au.com.carsguide.websitepages.HomePage.mouseHoverOnBuySellTab(HomePage.java:34)
	at au.com.cucumber.steps.SearchCarFunctionalitySteps.iMouseHoverOnBuySellTab(SearchCarFunctionalitySteps.java:24)
	at ✽.When I mouse hover on buy+sell tab(buy.feature:10)
</pre></pre></td>
                                                    </tr>
                                                    <tr>
                                                        <td>May 20, 2022 12:44:30 AM</td>
                                                        <td class='linked' test-id='79'>Search functionality.Search the used car with model.Search the used car with model.When I mouse hover on buy+sell tab</td>
                                                        <td><pre><pre>org.openqa.selenium.WebDriverException: unknown error: session deleted because of page crash
from unknown error: cannot determine loading status
from tab crashed
  (Session info: chrome=101.0.4951.67)
Build info: version: '4.0.0', revision: '3a21814679'
System info: host: 'LAPTOP-N67ITPLC', ip: '192.168.1.67', os.name: 'Windows 10', os.arch: 'amd64', os.version: '10.0', java.version: '1.8.0_121'
Driver info: org.openqa.selenium.chrome.ChromeDriver
Command: [ef93cc0535eb0c35e328133d04eb01e4, findElement {using=xpath, value=//a[contains(text(),'buy + sell')]}]
Capabilities {acceptInsecureCerts: false, browserName: chrome, browserVersion: 101.0.4951.67, chrome: {chromedriverVersion: 101.0.4951.41 (93c720db8323..., userDataDir: C:\Users\megha\AppData\Loca...}, goog:chromeOptions: {debuggerAddress: localhost:62702}, javascriptEnabled: true, networkConnectionEnabled: false, pageLoadStrategy: normal, platform: WINDOWS, platformName: WINDOWS, proxy: Proxy(), se:cdp: ws://localhost:62702/devtoo..., se:cdpVersion: 101.0.4951.67, setWindowRect: true, strictFileInteractability: false, timeouts: {implicit: 0, pageLoad: 300000, script: 30000}, unhandledPromptBehavior: dismiss and notify, webauthn:extension:credBlob: true, webauthn:extension:largeBlob: true, webauthn:virtualAuthenticators: true}
Session ID: ef93cc0535eb0c35e328133d04eb01e4
	at sun.reflect.NativeConstructorAccessorImpl.newInstance0(Native Method)
	at sun.reflect.NativeConstructorAccessorImpl.newInstance(NativeConstructorAccessorImpl.java:62)
	at sun.reflect.DelegatingConstructorAccessorImpl.newInstance(DelegatingConstructorAccessorImpl.java:45)
	at java.lang.reflect.Constructor.newInstance(Constructor.java:423)
	at org.openqa.selenium.remote.codec.w3c.W3CHttpResponseCodec.createException(W3CHttpResponseCodec.java:200)
	at org.openqa.selenium.remote.codec.w3c.W3CHttpResponseCodec.decode(W3CHttpResponseCodec.java:133)
	at org.openqa.selenium.remote.codec.w3c.W3CHttpResponseCodec.decode(W3CHttpResponseCodec.java:53)
	at org.openqa.selenium.remote.HttpCommandExecutor.execute(HttpCommandExecutor.java:184)
	at org.openqa.selenium.remote.service.DriverCommandExecutor.invokeExecute(DriverCommandExecutor.java:164)
	at org.openqa.selenium.remote.service.DriverCommandExecutor.execute(DriverCommandExecutor.java:139)
	at org.openqa.selenium.remote.RemoteWebDriver.execute(RemoteWebDriver.java:559)
	at org.openqa.selenium.remote.ElementLocation$ElementFinder$2.findElement(ElementLocation.java:162)
	at org.openqa.selenium.remote.ElementLocation.findElement(ElementLocation.java:60)
	at org.openqa.selenium.remote.RemoteWebDriver.findElement(RemoteWebDriver.java:383)
	at org.openqa.selenium.remote.RemoteWebDriver.findElement(RemoteWebDriver.java:375)
	at org.openqa.selenium.support.pagefactory.DefaultElementLocator.findElement(DefaultElementLocator.java:70)
	at org.openqa.selenium.support.pagefactory.internal.LocatingElementHandler.invoke(LocatingElementHandler.java:39)
	at com.sun.proxy.$Proxy23.toString(Unknown Source)
	at au.com.carsguide.websitepages.HomePage.mouseHoverOnBuySellTab(HomePage.java:34)
	at au.com.cucumber.steps.SearchCarFunctionalitySteps.iMouseHoverOnBuySellTab(SearchCarFunctionalitySteps.java:24)
	at ✽.When I mouse hover on buy+sell tab(buy.feature:31)
</pre></pre></td>
                                                    </tr>
                                                    <tr>
                                                        <td>May 20, 2022 12:44:33 AM</td>
                                                        <td class='linked' test-id='91'>Search functionality.Search the used car with model.Search the used car with model.When I mouse hover on buy+sell tab</td>
                                                        <td><pre><pre>org.openqa.selenium.WebDriverException: unknown error: session deleted because of page crash
from unknown error: cannot determine loading status
from tab crashed
  (Session info: chrome=101.0.4951.67)
Build info: version: '4.0.0', revision: '3a21814679'
System info: host: 'LAPTOP-N67ITPLC', ip: '192.168.1.67', os.name: 'Windows 10', os.arch: 'amd64', os.version: '10.0', java.version: '1.8.0_121'
Driver info: org.openqa.selenium.chrome.ChromeDriver
Command: [ad52323585db019c42feaad6524bcf25, findElement {using=xpath, value=//a[contains(text(),'buy + sell')]}]
Capabilities {acceptInsecureCerts: false, browserName: chrome, browserVersion: 101.0.4951.67, chrome: {chromedriverVersion: 101.0.4951.41 (93c720db8323..., userDataDir: C:\Users\megha\AppData\Loca...}, goog:chromeOptions: {debuggerAddress: localhost:62766}, javascriptEnabled: true, networkConnectionEnabled: false, pageLoadStrategy: normal, platform: WINDOWS, platformName: WINDOWS, proxy: Proxy(), se:cdp: ws://localhost:62766/devtoo..., se:cdpVersion: 101.0.4951.67, setWindowRect: true, strictFileInteractability: false, timeouts: {implicit: 0, pageLoad: 300000, script: 30000}, unhandledPromptBehavior: dismiss and notify, webauthn:extension:credBlob: true, webauthn:extension:largeBlob: true, webauthn:virtualAuthenticators: true}
Session ID: ad52323585db019c42feaad6524bcf25
	at sun.reflect.NativeConstructorAccessorImpl.newInstance0(Native Method)
	at sun.reflect.NativeConstructorAccessorImpl.newInstance(NativeConstructorAccessorImpl.java:62)
	at sun.reflect.DelegatingConstructorAccessorImpl.newInstance(DelegatingConstructorAccessorImpl.java:45)
	at java.lang.reflect.Constructor.newInstance(Constructor.java:423)
	at org.openqa.selenium.remote.codec.w3c.W3CHttpResponseCodec.createException(W3CHttpResponseCodec.java:200)
	at org.openqa.selenium.remote.codec.w3c.W3CHttpResponseCodec.decode(W3CHttpResponseCodec.java:133)
	at org.openqa.selenium.remote.codec.w3c.W3CHttpResponseCodec.decode(W3CHttpResponseCodec.java:53)
	at org.openqa.selenium.remote.HttpCommandExecutor.execute(HttpCommandExecutor.java:184)
	at org.openqa.selenium.remote.service.DriverCommandExecutor.invokeExecute(DriverCommandExecutor.java:164)
	at org.openqa.selenium.remote.service.DriverCommandExecutor.execute(DriverCommandExecutor.java:139)
	at org.openqa.selenium.remote.RemoteWebDriver.execute(RemoteWebDriver.java:559)
	at org.openqa.selenium.remote.ElementLocation$ElementFinder$2.findElement(ElementLocation.java:162)
	at org.openqa.selenium.remote.ElementLocation.findElement(ElementLocation.java:60)
	at org.openqa.selenium.remote.RemoteWebDriver.findElement(RemoteWebDriver.java:383)
	at org.openqa.selenium.remote.RemoteWebDriver.findElement(RemoteWebDriver.java:375)
	at org.openqa.selenium.support.pagefactory.DefaultElementLocator.findElement(DefaultElementLocator.java:70)
	at org.openqa.selenium.support.pagefactory.internal.LocatingElementHandler.invoke(LocatingElementHandler.java:39)
	at com.sun.proxy.$Proxy23.toString(Unknown Source)
	at au.com.carsguide.websitepages.HomePage.mouseHoverOnBuySellTab(HomePage.java:34)
	at au.com.cucumber.steps.SearchCarFunctionalitySteps.iMouseHoverOnBuySellTab(SearchCarFunctionalitySteps.java:24)
	at ✽.When I mouse hover on buy+sell tab(buy.feature:31)
</pre></pre></td>
                                                    </tr>
                                                    <tr>
                                                        <td>May 20, 2022 12:44:52 AM</td>
                                                        <td class='linked' test-id='127'>Search functionality.Search the used car with model.Search the used car with model.When I mouse hover on buy+sell tab</td>
                                                        <td><pre><pre>org.openqa.selenium.WebDriverException: unknown error: session deleted because of page crash
from unknown error: cannot determine loading status
from tab crashed
  (Session info: chrome=101.0.4951.67)
Build info: version: '4.0.0', revision: '3a21814679'
System info: host: 'LAPTOP-N67ITPLC', ip: '192.168.1.67', os.name: 'Windows 10', os.arch: 'amd64', os.version: '10.0', java.version: '1.8.0_121'
Driver info: org.openqa.selenium.chrome.ChromeDriver
Command: [44dee22bfb6377c7e837a4ecd2301885, findElement {using=xpath, value=//a[contains(text(),'buy + sell')]}]
Capabilities {acceptInsecureCerts: false, browserName: chrome, browserVersion: 101.0.4951.67, chrome: {chromedriverVersion: 101.0.4951.41 (93c720db8323..., userDataDir: C:\Users\megha\AppData\Loca...}, goog:chromeOptions: {debuggerAddress: localhost:63068}, javascriptEnabled: true, networkConnectionEnabled: false, pageLoadStrategy: normal, platform: WINDOWS, platformName: WINDOWS, proxy: Proxy(), se:cdp: ws://localhost:63068/devtoo..., se:cdpVersion: 101.0.4951.67, setWindowRect: true, strictFileInteractability: false, timeouts: {implicit: 0, pageLoad: 300000, script: 30000}, unhandledPromptBehavior: dismiss and notify, webauthn:extension:credBlob: true, webauthn:extension:largeBlob: true, webauthn:virtualAuthenticators: true}
Session ID: 44dee22bfb6377c7e837a4ecd2301885
	at sun.reflect.NativeConstructorAccessorImpl.newInstance0(Native Method)
	at sun.reflect.NativeConstructorAccessorImpl.newInstance(NativeConstructorAccessorImpl.java:62)
	at sun.reflect.DelegatingConstructorAccessorImpl.newInstance(DelegatingConstructorAccessorImpl.java:45)
	at java.lang.reflect.Constructor.newInstance(Constructor.java:423)
	at org.openqa.selenium.remote.codec.w3c.W3CHttpResponseCodec.createException(W3CHttpResponseCodec.java:200)
	at org.openqa.selenium.remote.codec.w3c.W3CHttpResponseCodec.decode(W3CHttpResponseCodec.java:133)
	at org.openqa.selenium.remote.codec.w3c.W3CHttpResponseCodec.decode(W3CHttpResponseCodec.java:53)
	at org.openqa.selenium.remote.HttpCommandExecutor.execute(HttpCommandExecutor.java:184)
	at org.openqa.selenium.remote.service.DriverCommandExecutor.invokeExecute(DriverCommandExecutor.java:164)
	at org.openqa.selenium.remote.service.DriverCommandExecutor.execute(DriverCommandExecutor.java:139)
	at org.openqa.selenium.remote.RemoteWebDriver.execute(RemoteWebDriver.java:559)
	at org.openqa.selenium.remote.ElementLocation$ElementFinder$2.findElement(ElementLocation.java:162)
	at org.openqa.selenium.remote.ElementLocation.findElement(ElementLocation.java:60)
	at org.openqa.selenium.remote.RemoteWebDriver.findElement(RemoteWebDriver.java:383)
	at org.openqa.selenium.remote.RemoteWebDriver.findElement(RemoteWebDriver.java:375)
	at org.openqa.selenium.support.pagefactory.DefaultElementLocator.findElement(DefaultElementLocator.java:70)
	at org.openqa.selenium.support.pagefactory.internal.LocatingElementHandler.invoke(LocatingElementHandler.java:39)
	at com.sun.proxy.$Proxy23.toString(Unknown Source)
	at au.com.carsguide.websitepages.HomePage.mouseHoverOnBuySellTab(HomePage.java:34)
	at au.com.cucumber.steps.SearchCarFunctionalitySteps.iMouseHoverOnBuySellTab(SearchCarFunctionalitySteps.java:24)
	at ✽.When I mouse hover on buy+sell tab(buy.feature:31)
</pre></pre></td>
                                                    </tr>
                                                    <tr>
                                                        <td>May 20, 2022 12:44:55 AM</td>
                                                        <td class='linked' test-id='139'>Search functionality.Search the used car with model.Search the used car with model.When I mouse hover on buy+sell tab</td>
                                                        <td><pre><pre>org.openqa.selenium.WebDriverException: unknown error: session deleted because of page crash
from unknown error: cannot determine loading status
from tab crashed
  (Session info: chrome=101.0.4951.67)
Build info: version: '4.0.0', revision: '3a21814679'
System info: host: 'LAPTOP-N67ITPLC', ip: '192.168.1.67', os.name: 'Windows 10', os.arch: 'amd64', os.version: '10.0', java.version: '1.8.0_121'
Driver info: org.openqa.selenium.chrome.ChromeDriver
Command: [27bb0bef28f9bc81e06a076a9681e727, findElement {using=xpath, value=//a[contains(text(),'buy + sell')]}]
Capabilities {acceptInsecureCerts: false, browserName: chrome, browserVersion: 101.0.4951.67, chrome: {chromedriverVersion: 101.0.4951.41 (93c720db8323..., userDataDir: C:\Users\megha\AppData\Loca...}, goog:chromeOptions: {debuggerAddress: localhost:63131}, javascriptEnabled: true, networkConnectionEnabled: false, pageLoadStrategy: normal, platform: WINDOWS, platformName: WINDOWS, proxy: Proxy(), se:cdp: ws://localhost:63131/devtoo..., se:cdpVersion: 101.0.4951.67, setWindowRect: true, strictFileInteractability: false, timeouts: {implicit: 0, pageLoad: 300000, script: 30000}, unhandledPromptBehavior: dismiss and notify, webauthn:extension:credBlob: true, webauthn:extension:largeBlob: true, webauthn:virtualAuthenticators: true}
Session ID: 27bb0bef28f9bc81e06a076a9681e727
	at sun.reflect.NativeConstructorAccessorImpl.newInstance0(Native Method)
	at sun.reflect.NativeConstructorAccessorImpl.newInstance(NativeConstructorAccessorImpl.java:62)
	at sun.reflect.DelegatingConstructorAccessorImpl.newInstance(DelegatingConstructorAccessorImpl.java:45)
	at java.lang.reflect.Constructor.newInstance(Constructor.java:423)
	at org.openqa.selenium.remote.codec.w3c.W3CHttpResponseCodec.createException(W3CHttpResponseCodec.java:200)
	at org.openqa.selenium.remote.codec.w3c.W3CHttpResponseCodec.decode(W3CHttpResponseCodec.java:133)
	at org.openqa.selenium.remote.codec.w3c.W3CHttpResponseCodec.decode(W3CHttpResponseCodec.java:53)
	at org.openqa.selenium.remote.HttpCommandExecutor.execute(HttpCommandExecutor.java:184)
	at org.openqa.selenium.remote.service.DriverCommandExecutor.invokeExecute(DriverCommandExecutor.java:164)
	at org.openqa.selenium.remote.service.DriverCommandExecutor.execute(DriverCommandExecutor.java:139)
	at org.openqa.selenium.remote.RemoteWebDriver.execute(RemoteWebDriver.java:559)
	at org.openqa.selenium.remote.ElementLocation$ElementFinder$2.findElement(ElementLocation.java:162)
	at org.openqa.selenium.remote.ElementLocation.findElement(ElementLocation.java:60)
	at org.openqa.selenium.remote.RemoteWebDriver.findElement(RemoteWebDriver.java:383)
	at org.openqa.selenium.remote.RemoteWebDriver.findElement(RemoteWebDriver.java:375)
	at org.openqa.selenium.support.pagefactory.DefaultElementLocator.findElement(DefaultElementLocator.java:70)
	at org.openqa.selenium.support.pagefactory.internal.LocatingElementHandler.invoke(LocatingElementHandler.java:39)
	at com.sun.proxy.$Proxy23.toString(Unknown Source)
	at au.com.carsguide.websitepages.HomePage.mouseHoverOnBuySellTab(HomePage.java:34)
	at au.com.cucumber.steps.SearchCarFunctionalitySteps.iMouseHoverOnBuySellTab(SearchCarFunctionalitySteps.java:24)
	at ✽.When I mouse hover on buy+sell tab(buy.feature:31)
</pre></pre></td>
                                                    </tr>
                                        </tbody>
                                    </table>
                                </div>
                            </div>
                        </li>
                        <li class='exception displayed active'>
                            <div class='exception-heading'>
                                <span class='exception-name'>org.junit.ComparisonFailure</span>
                                <span class='exception-count right'><span class='label red lighten-1 white-text'>2</span></span>
                            </div>
                            <div class='exception-content hide'>
                                <div class='exception-tests'>
                                    <table class='bordered table-results'>
                                        <thead>
                                        <tr>
                                            <th>Timestamp</th>
                                            <th>TestName</th>
                                            <th>Status</th>
                                        </tr>
                                        </thead>
                                        <tbody>
                                                    <tr>
                                                        <td>May 20, 2022 12:44:16 AM</td>
                                                        <td class='linked' test-id='56'>Search functionality.Search the buy car with model.Search the buy car with model.Then I navigate to ‘new and used car search’ page</td>
                                                        <td><pre><textarea>org.junit.ComparisonFailure: search page text is not match expected:<[new and used car search]> but was:<[New & Used Car Search - carsguide]>
	at org.junit.Assert.assertEquals(Assert.java:115)
	at au.com.cucumber.steps.SearchCarFunctionalitySteps.iNavigateToNewAndUsedCarSearchPage(SearchCarFunctionalitySteps.java:34)
	at ✽.Then I navigate to ‘new and used car search’ page(buy.feature:12)
</textarea></pre></td>
                                                    </tr>
                                                    <tr>
                                                        <td>May 20, 2022 12:44:24 AM</td>
                                                        <td class='linked' test-id='68'>Search functionality.Search the buy car with model.Search the buy car with model.Then I navigate to ‘new and used car search’ page</td>
                                                        <td><pre><textarea>org.junit.ComparisonFailure: search page text is not match expected:<[new and used car search]> but was:<[New & Used Car Search - carsguide]>
	at org.junit.Assert.assertEquals(Assert.java:115)
	at au.com.cucumber.steps.SearchCarFunctionalitySteps.iNavigateToNewAndUsedCarSearchPage(SearchCarFunctionalitySteps.java:34)
	at ✽.Then I navigate to ‘new and used car search’ page(buy.feature:12)
</textarea></pre></td>
                                                    </tr>
                                        </tbody>
                                    </table>
                                </div>
                            </div>
                        </li>
                        <li class='exception displayed active'>
                            <div class='exception-heading'>
                                <span class='exception-name'>org.openqa.selenium.NoSuchWindowException</span>
                                <span class='exception-count right'><span class='label red lighten-1 white-text'>1</span></span>
                            </div>
                            <div class='exception-content hide'>
                                <div class='exception-tests'>
                                    <table class='bordered table-results'>
                                        <thead>
                                        <tr>
                                            <th>Timestamp</th>
                                            <th>TestName</th>
                                            <th>Status</th>
                                        </tr>
                                        </thead>
                                        <tbody>
                                                    <tr>
                                                        <td>May 20, 2022 12:44:44 AM</td>
                                                        <td class='linked' test-id='123'>Search functionality.Search the used car with model.Search the used car with model.Then I should see the make used cars "Ford" in results</td>
                                                        <td><pre><pre>org.openqa.selenium.NoSuchWindowException: no such window: target window already closed
from unknown error: web view not found
  (Session info: chrome=101.0.4951.67)
Build info: version: '4.0.0', revision: '3a21814679'
System info: host: 'LAPTOP-N67ITPLC', ip: '192.168.1.67', os.name: 'Windows 10', os.arch: 'amd64', os.version: '10.0', java.version: '1.8.0_121'
Driver info: org.openqa.selenium.chrome.ChromeDriver
Command: [a6037772a59cb643590414fc5403d567, findElement {using=xpath, value=//h1[@class="listing-search-title"]}]
Capabilities {acceptInsecureCerts: false, browserName: chrome, browserVersion: 101.0.4951.67, chrome: {chromedriverVersion: 101.0.4951.41 (93c720db8323..., userDataDir: C:\Users\megha\AppData\Loca...}, goog:chromeOptions: {debuggerAddress: localhost:62889}, javascriptEnabled: true, networkConnectionEnabled: false, pageLoadStrategy: normal, platform: WINDOWS, platformName: WINDOWS, proxy: Proxy(), se:cdp: ws://localhost:62889/devtoo..., se:cdpVersion: 101.0.4951.67, setWindowRect: true, strictFileInteractability: false, timeouts: {implicit: 0, pageLoad: 300000, script: 30000}, unhandledPromptBehavior: dismiss and notify, webauthn:extension:credBlob: true, webauthn:extension:largeBlob: true, webauthn:virtualAuthenticators: true}
Session ID: a6037772a59cb643590414fc5403d567
	at sun.reflect.NativeConstructorAccessorImpl.newInstance0(Native Method)
	at sun.reflect.NativeConstructorAccessorImpl.newInstance(NativeConstructorAccessorImpl.java:62)
	at sun.reflect.DelegatingConstructorAccessorImpl.newInstance(DelegatingConstructorAccessorImpl.java:45)
	at java.lang.reflect.Constructor.newInstance(Constructor.java:423)
	at org.openqa.selenium.remote.codec.w3c.W3CHttpResponseCodec.createException(W3CHttpResponseCodec.java:200)
	at org.openqa.selenium.remote.codec.w3c.W3CHttpResponseCodec.decode(W3CHttpResponseCodec.java:133)
	at org.openqa.selenium.remote.codec.w3c.W3CHttpResponseCodec.decode(W3CHttpResponseCodec.java:53)
	at org.openqa.selenium.remote.HttpCommandExecutor.execute(HttpCommandExecutor.java:184)
	at org.openqa.selenium.remote.service.DriverCommandExecutor.invokeExecute(DriverCommandExecutor.java:164)
	at org.openqa.selenium.remote.service.DriverCommandExecutor.execute(DriverCommandExecutor.java:139)
	at org.openqa.selenium.remote.RemoteWebDriver.execute(RemoteWebDriver.java:559)
	at org.openqa.selenium.remote.ElementLocation$ElementFinder$2.findElement(ElementLocation.java:162)
	at org.openqa.selenium.remote.ElementLocation.findElement(ElementLocation.java:60)
	at org.openqa.selenium.remote.RemoteWebDriver.findElement(RemoteWebDriver.java:383)
	at org.openqa.selenium.remote.RemoteWebDriver.findElement(RemoteWebDriver.java:375)
	at org.openqa.selenium.support.pagefactory.DefaultElementLocator.findElement(DefaultElementLocator.java:70)
	at org.openqa.selenium.support.pagefactory.internal.LocatingElementHandler.invoke(LocatingElementHandler.java:39)
	at com.sun.proxy.$Proxy23.getText(Unknown Source)
	at au.com.carsguide.utility.Utilites.getTextFromElement(Utilites.java:61)
	at au.com.carsguide.websitepages.SearchResultPage.getVerifyNewCarSearchText(SearchResultPage.java:23)
	at au.com.cucumber.steps.SearchCarFunctionalitySteps.iShouldSeeTheMakeUsedCarsInResults(SearchCarFunctionalitySteps.java:80)
	at ✽.Then I should see the make used cars "Ford" in results(buy.feature:39)
</pre></pre></td>
                                                    </tr>
                                        </tbody>
                                    </table>
                                </div>
                            </div>
                        </li>
                </ul>
        </div>
    </div>

    <div class='subview-right left'>
        <div class='view-summary'>
            <h5 class='exception-name'></h5>
        </div>
    </div>
</div>
<!-- exception view -->
<div id='dashboard-view' class='view hide'>
	<div class='card-panel transparent np-v'>
		<h5>Dashboard</h5>

		<div class='row'>
			<div class='col s2'>
				<div class='card-panel r'>
					Features
					<div class='panel-lead'>1</div>
				</div>
			</div>
			<div class='col s2'>
				<div class='card-panel r'>
					Scenarios
					<div class='panel-lead'>12</div>
				</div>
			</div>
			<div class='col s2'>
				<div class='card-panel r'>
					Steps
					<div class='panel-lead'>132</div>
				</div>
			</div>
			<div class='col s2'>
				<div class='card-panel r'>
					Start
					<div class='panel-lead'>May 20, 2022 12:43:56 AM</div>
				</div>
			</div>
			<div class='col s2'>
				<div class='card-panel r'>
			 		End
			 		<div class='panel-lead'>May 20, 2022 12:44:56 AM</div>
				</div>
			</div>
			<div class='col s2'>
				<div class='card-panel r'>
					Time Taken
					<div class='panel-lead'>59,270ms</div>
				</div>
			</div>
			<div class='col s4'>
				<div class='card-panel dashboard-environment'>
					<span class='right label cyan white-text'>Environment</span><p>&nbsp;</p>
					
					<table>
						<tr>
							<th>Name</th>
							<th>Value</th>
						</tr>
							<tr>
								<td>User Name</td>
								<td>megha</td>
							</tr>
							<tr>
								<td>Time Zone</td>
								<td>Europe/London</td>
							</tr>
							<tr>
								<td>Machine</td>
								<td>Windows 1064 Bit</td>
							</tr>
							<tr>
								<td>Selenium</td>
								<td>4.0.0</td>
							</tr>
							<tr>
								<td>Maven</td>
								<td>3.8.5</td>
							</tr>
							<tr>
								<td>Java Version</td>
								<td>1.8.0_151</td>
							</tr>
					</table>
				</div>
			</div>
			<div class='col s6'>
				<div class='card-panel dashboard-categories'>
					<span class='right label cyan white-text'>Categories</span><p>&nbsp;</p>
					
					<table>
						<tr>
							<th>Name</th>
							<th>Passed</th>
							<th>Failed</th>
							<th>Others</th>
							<th>Passed %</th>
						</tr>
						<tr>
							<td>@smoke</td>
							<td>0</td>
							<td>10</td>
							<td>2</td>
							<td>
									0%
							</td>
						</tr>
						<tr>
							<td>@regression</td>
							<td>0</td>
							<td>10</td>
							<td>2</td>
							<td>
									0%
							</td>
						</tr>
						<tr>
							<td>@sanity</td>
							<td>0</td>
							<td>5</td>
							<td>1</td>
							<td>
									0%
							</td>
						</tr>
					</table>
				</div>
			</div>
		</div>
	</div>
</div>
<!-- dashboard view -->
<!-- testrunner-logs view -->
		</div>
		<!-- container -->

		<script>
			var statusGroup = {
				passParent: 0,
				failParent: 1,
				fatalParent: 0,
				errorParent: 0,
				warningParent: 0,
				skipParent: 0,
				exceptionsParent: 1,
				
				passChild: 0,
				failChild: 10,
				fatalChild: 0,
				errorChild: 0,
				warningChild: 0,
				skipChild: 2,
				infoChild: 0,
				exceptionsChild: 12,
				
				passGrandChild: 32,
				failGrandChild: 10,
				fatalGrandChild: 0,
				errorGrandChild: 0,
				warningGrandChild: 0,
				skipGrandChild: 90,
				infoGrandChild: 0,
				exceptionsGrandChild: 100,
			};
		</script>
		
			<script src='https://cdn.rawgit.com/anshooarora/extentreports-java/fca20fb7653aade98810546ab96a2a4360e3e712/dist/js/extent.js' type='text/javascript'></script>
		
		
 		<script type='text/javascript'>
 			
            
        $(document).ready(function() {

        });
      
        
 		</script>
	</body>
	
</html>
